	.text
	.syntax unified
	.eabi_attribute	67, "2.09"	@ Tag_conformance
	.cpu	cortex-m0
	.eabi_attribute	6, 12	@ Tag_CPU_arch
	.eabi_attribute	7, 77	@ Tag_CPU_arch_profile
	.eabi_attribute	8, 0	@ Tag_ARM_ISA_use
	.eabi_attribute	9, 1	@ Tag_THUMB_ISA_use
	.eabi_attribute	34, 0	@ Tag_CPU_unaligned_access
	.eabi_attribute	17, 1	@ Tag_ABI_PCS_GOT_use
	.eabi_attribute	20, 2	@ Tag_ABI_FP_denormal
	.eabi_attribute	21, 0	@ Tag_ABI_FP_exceptions
	.eabi_attribute	23, 1	@ Tag_ABI_FP_number_model
	.eabi_attribute	24, 1	@ Tag_ABI_align_needed
	.eabi_attribute	25, 1	@ Tag_ABI_align_preserved
	.eabi_attribute	38, 1	@ Tag_ABI_FP_16bit_format
	.eabi_attribute	18, 2	@ Tag_ABI_PCS_wchar_t
	.eabi_attribute	26, 1	@ Tag_ABI_enum_size
	.eabi_attribute	14, 0	@ Tag_ABI_PCS_R9_use
	.file	"fifo.c"
	.file	1 "C:\\Users\\ralf" "Program Files\\Keil_v5\\ARM\\ARMCLANG\\Bin\\..\\include\\stdint.h"
	.file	2 "C:\\Users\\ralf\\Documents\\Projekte\\uTerm\\STM32F030F4\\Firmware\\ChibiTerm" "./fifo.h"
	.section	.text.FIFO_Clear,"ax",%progbits
	.hidden	FIFO_Clear                      @ -- Begin function FIFO_Clear
	.globl	FIFO_Clear
	.p2align	1
	.type	FIFO_Clear,%function
	.code	16                              @ @FIFO_Clear
	.thumb_func
FIFO_Clear:
.Lfunc_begin0:
	.file	3 "C:\\Users\\ralf\\Documents\\Projekte\\uTerm\\STM32F030F4\\Firmware\\ChibiTerm" "fifo.c"
	.loc	3 27 0                          @ fifo.c:27:0
	.fnstart
	.cfi_sections .debug_frame
	.cfi_startproc
@ %bb.0:
	@DEBUG_VALUE: FIFO_Clear:Queue <- $r0
	movs	r1, #0
.Ltmp0:
	.loc	3 28 28 prologue_end            @ fifo.c:28:28
	strb	r1, [r0, #2]
	.loc	3 28 14 is_stmt 0               @ fifo.c:28:14
	strb	r1, [r0, #1]
	.loc	3 29 1 is_stmt 1                @ fifo.c:29:1
	bx	lr
.Ltmp1:
.Lfunc_end0:
	.size	FIFO_Clear, .Lfunc_end0-FIFO_Clear
	.cfi_endproc
	.cantunwind
	.fnend
                                        @ -- End function
	.section	.text.FIFO_WriteAvail,"ax",%progbits
	.hidden	FIFO_WriteAvail                 @ -- Begin function FIFO_WriteAvail
	.globl	FIFO_WriteAvail
	.p2align	1
	.type	FIFO_WriteAvail,%function
	.code	16                              @ @FIFO_WriteAvail
	.thumb_func
FIFO_WriteAvail:
.Lfunc_begin1:
	.fnstart
	.cfi_startproc
@ %bb.0:
	@DEBUG_VALUE: FIFO_WriteAvail:Queue <- $r0
	.loc	3 33 10 prologue_end            @ fifo.c:33:10
	ldrb	r1, [r0]
	ldrb	r2, [r0, #1]
	adds	r2, r2, #1
	ands	r2, r1
	.loc	3 33 56 is_stmt 0               @ fifo.c:33:56
	ldrb	r0, [r0, #2]
.Ltmp2:
	@DEBUG_VALUE: FIFO_WriteAvail:Queue <- [DW_OP_LLVM_entry_value 1] $r0
	.loc	3 33 47                         @ fifo.c:33:47
	subs	r0, r2, r0
	subs	r1, r0, #1
	sbcs	r0, r1
	.loc	3 33 3                          @ fifo.c:33:3
	bx	lr
.Ltmp3:
.Lfunc_end1:
	.size	FIFO_WriteAvail, .Lfunc_end1-FIFO_WriteAvail
	.cfi_endproc
	.cantunwind
	.fnend
                                        @ -- End function
	.section	.text.FIFO_Write,"ax",%progbits
	.hidden	FIFO_Write                      @ -- Begin function FIFO_Write
	.globl	FIFO_Write
	.p2align	1
	.type	FIFO_Write,%function
	.code	16                              @ @FIFO_Write
	.thumb_func
FIFO_Write:
.Lfunc_begin2:
	.loc	3 37 0 is_stmt 1                @ fifo.c:37:0
	.fnstart
	.cfi_startproc
@ %bb.0:
	@DEBUG_VALUE: FIFO_Write:Queue <- $r0
	@DEBUG_VALUE: FIFO_Write:data <- $r1
	@DEBUG_VALUE: FIFO_WriteAvail:Queue <- $r0
	.save	{r4, lr}
	push	{r4, lr}
	.cfi_def_cfa_offset 8
	.cfi_offset lr, -4
	.cfi_offset r4, -8
.Ltmp4:
	.loc	3 33 10 prologue_end            @ fifo.c:33:10
	ldrb	r2, [r0]
	ldrb	r3, [r0, #1]
	adds	r3, r3, #1
	ands	r3, r2
	.loc	3 33 56 is_stmt 0               @ fifo.c:33:56
	ldrb	r4, [r0, #2]
.Ltmp5:
	.loc	3 38 5 is_stmt 1                @ fifo.c:38:5
	cmp	r3, r4
	bne	.LBB2_2
.Ltmp6:
@ %bb.1:
	@DEBUG_VALUE: FIFO_Write:data <- $r1
	@DEBUG_VALUE: FIFO_Write:Queue <- $r0
	.loc	3 0 5 is_stmt 0                 @ fifo.c:0:5
	movs	r0, #0
.Ltmp7:
	@DEBUG_VALUE: FIFO_Write:Queue <- [DW_OP_LLVM_entry_value 1] $r0
	.loc	3 45 1 epilogue_begin is_stmt 1 @ fifo.c:45:1
	pop	{r4, pc}
.Ltmp8:
.LBB2_2:
	@DEBUG_VALUE: FIFO_Write:data <- $r1
	@DEBUG_VALUE: FIFO_Write:Queue <- $r0
	@DEBUG_VALUE: FIFO_Write:data <- $r1
	.loc	3 40 17                         @ fifo.c:40:17
	ldrb	r3, [r0, #1]
	adds	r3, r3, #1
	ands	r3, r2
	.loc	3 40 15 is_stmt 0               @ fifo.c:40:15
	strb	r3, [r0, #1]
	.loc	3 41 26 is_stmt 1               @ fifo.c:41:26
	ldrb	r2, [r0, #1]
	.loc	3 41 3 is_stmt 0                @ fifo.c:41:3
	adds	r0, r0, r2
.Ltmp9:
	@DEBUG_VALUE: FIFO_Write:Queue <- [DW_OP_LLVM_entry_value 1] $r0
	.loc	3 41 32                         @ fifo.c:41:32
	strb	r1, [r0, #3]
	movs	r0, #1
.Ltmp10:
	.loc	3 45 1 epilogue_begin is_stmt 1 @ fifo.c:45:1
	pop	{r4, pc}
.Ltmp11:
.Lfunc_end2:
	.size	FIFO_Write, .Lfunc_end2-FIFO_Write
	.cfi_endproc
	.cantunwind
	.fnend
                                        @ -- End function
	.section	.text.FIFO_ReadAvail,"ax",%progbits
	.hidden	FIFO_ReadAvail                  @ -- Begin function FIFO_ReadAvail
	.globl	FIFO_ReadAvail
	.p2align	1
	.type	FIFO_ReadAvail,%function
	.code	16                              @ @FIFO_ReadAvail
	.thumb_func
FIFO_ReadAvail:
.Lfunc_begin3:
	.fnstart
	.cfi_startproc
@ %bb.0:
	@DEBUG_VALUE: FIFO_ReadAvail:Queue <- $r0
	.loc	3 49 16 prologue_end            @ fifo.c:49:16
	ldrb	r1, [r0, #1]
	.loc	3 49 31 is_stmt 0               @ fifo.c:49:31
	ldrb	r0, [r0, #2]
.Ltmp12:
	@DEBUG_VALUE: FIFO_ReadAvail:Queue <- [DW_OP_LLVM_entry_value 1] $r0
	.loc	3 49 21                         @ fifo.c:49:21
	subs	r0, r1, r0
	subs	r1, r0, #1
	sbcs	r0, r1
	.loc	3 49 2                          @ fifo.c:49:2
	bx	lr
.Ltmp13:
.Lfunc_end3:
	.size	FIFO_ReadAvail, .Lfunc_end3-FIFO_ReadAvail
	.cfi_endproc
	.cantunwind
	.fnend
                                        @ -- End function
	.section	.text.FIFO_Read,"ax",%progbits
	.hidden	FIFO_Read                       @ -- Begin function FIFO_Read
	.globl	FIFO_Read
	.p2align	1
	.type	FIFO_Read,%function
	.code	16                              @ @FIFO_Read
	.thumb_func
FIFO_Read:
.Lfunc_begin4:
	.fnstart
	.cfi_startproc
@ %bb.0:
	@DEBUG_VALUE: FIFO_Read:Queue <- $r0
	@DEBUG_VALUE: FIFO_Read:data <- $r1
	@DEBUG_VALUE: FIFO_ReadAvail:Queue <- $r0
	.loc	3 49 16 prologue_end is_stmt 1  @ fifo.c:49:16
	ldrb	r2, [r0, #1]
	.loc	3 49 31 is_stmt 0               @ fifo.c:49:31
	ldrb	r3, [r0, #2]
.Ltmp14:
	.loc	3 54 6 is_stmt 1                @ fifo.c:54:6
	cmp	r2, r3
	bne	.LBB4_2
.Ltmp15:
@ %bb.1:
	@DEBUG_VALUE: FIFO_Read:data <- $r1
	@DEBUG_VALUE: FIFO_Read:Queue <- $r0
	.loc	3 0 6 is_stmt 0                 @ fifo.c:0:6
	movs	r0, #0
.Ltmp16:
	@DEBUG_VALUE: FIFO_Read:Queue <- [DW_OP_LLVM_entry_value 1] $r0
	.loc	3 61 1 is_stmt 1                @ fifo.c:61:1
	bx	lr
.Ltmp17:
.LBB4_2:
	@DEBUG_VALUE: FIFO_Read:data <- $r1
	@DEBUG_VALUE: FIFO_Read:Queue <- $r0
	.loc	3 56 17                         @ fifo.c:56:17
	ldrb	r2, [r0]
	ldrb	r3, [r0, #2]
	adds	r3, r3, #1
	ands	r3, r2
	.loc	3 56 15 is_stmt 0               @ fifo.c:56:15
	strb	r3, [r0, #2]
	.loc	3 57 34 is_stmt 1               @ fifo.c:57:34
	ldrb	r2, [r0, #2]
	.loc	3 57 11 is_stmt 0               @ fifo.c:57:11
	adds	r0, r0, r2
.Ltmp18:
	@DEBUG_VALUE: FIFO_Read:Queue <- [DW_OP_LLVM_entry_value 1] $r0
	ldrb	r0, [r0, #3]
	.loc	3 57 9                          @ fifo.c:57:9
	strb	r0, [r1]
	movs	r0, #1
.Ltmp19:
	.loc	3 61 1 is_stmt 1                @ fifo.c:61:1
	bx	lr
.Ltmp20:
.Lfunc_end4:
	.size	FIFO_Read, .Lfunc_end4-FIFO_Read
	.cfi_endproc
	.cantunwind
	.fnend
                                        @ -- End function
	.section	.text.Getc,"ax",%progbits
	.hidden	Getc                            @ -- Begin function Getc
	.globl	Getc
	.p2align	1
	.type	Getc,%function
	.code	16                              @ @Getc
	.thumb_func
Getc:
.Lfunc_begin5:
	.loc	3 64 0                          @ fifo.c:64:0
	.fnstart
	.cfi_startproc
@ %bb.0:
	@DEBUG_VALUE: Getc:Queue <- $r0
	.save	{r4, lr}
	.pad	#8
	push	{r2, r3, r4, lr}
	.cfi_def_cfa_offset 16
	.cfi_offset lr, -4
	.cfi_offset r4, -8
	mov	r4, r0
.Ltmp21:
	@DEBUG_VALUE: Getc:Queue <- $r4
.LBB5_1:                                @ =>This Inner Loop Header: Depth=1
	@DEBUG_VALUE: Getc:Queue <- $r4
	add	r1, sp, #4
.Ltmp22:
	.loc	3 67 9 prologue_end             @ fifo.c:67:9
	mov	r0, r4
	bl	FIFO_Read
.Ltmp23:
	.loc	3 67 2 is_stmt 0                @ fifo.c:67:2
	cmp	r0, #0
	beq	.LBB5_1
.Ltmp24:
@ %bb.2:
	@DEBUG_VALUE: Getc:Queue <- $r4
	.loc	3 0 2                           @ fifo.c:0:2
	add	r0, sp, #4
	.loc	3 70 9 is_stmt 1                @ fifo.c:70:9
	ldrb	r0, [r0]
	.loc	3 70 2 epilogue_begin is_stmt 0 @ fifo.c:70:2
	pop	{r2, r3, r4, pc}
.Ltmp25:
.Lfunc_end5:
	.size	Getc, .Lfunc_end5-Getc
	.cfi_endproc
	.cantunwind
	.fnend
                                        @ -- End function
	.section	.text.Getc_Timeout,"ax",%progbits
	.hidden	Getc_Timeout                    @ -- Begin function Getc_Timeout
	.globl	Getc_Timeout
	.p2align	2
	.type	Getc_Timeout,%function
	.code	16                              @ @Getc_Timeout
	.thumb_func
Getc_Timeout:
.Lfunc_begin6:
	.loc	3 74 0 is_stmt 1                @ fifo.c:74:0
	.fnstart
	.cfi_startproc
@ %bb.0:
	@DEBUG_VALUE: Getc_Timeout:Queue <- $r0
	@DEBUG_VALUE: Getc_Timeout:data <- $r1
	@DEBUG_VALUE: Getc_Timeout:Timeout <- $r2
	.save	{r4, r5, r6, r7, lr}
	.pad	#4
	push	{r3, r4, r5, r6, r7, lr}
	.cfi_def_cfa_offset 24
	.cfi_offset lr, -4
	.cfi_offset r7, -8
	.cfi_offset r6, -12
	.cfi_offset r5, -16
	.cfi_offset r4, -20
	mov	r4, r2
.Ltmp26:
	@DEBUG_VALUE: Getc_Timeout:Timeout <- $r4
	mov	r5, r1
.Ltmp27:
	@DEBUG_VALUE: Getc_Timeout:data <- $r5
	mov	r6, r0
.Ltmp28:
	@DEBUG_VALUE: Getc_Timeout:Queue <- $r6
	.loc	3 75 13 prologue_end            @ fifo.c:75:13
	ldr	r7, __arm_cp.6_0
	strb	r2, [r7]
.Ltmp29:
.LBB6_1:                                @ =>This Inner Loop Header: Depth=1
	@DEBUG_VALUE: Getc_Timeout:Queue <- $r6
	@DEBUG_VALUE: Getc_Timeout:data <- $r5
	@DEBUG_VALUE: Getc_Timeout:Timeout <- $r4
	.loc	3 77 9                          @ fifo.c:77:9
	mov	r0, r6
	mov	r1, r5
	bl	FIFO_Read
.Ltmp30:
	.loc	3 77 2 is_stmt 0                @ fifo.c:77:2
	cmp	r0, #0
	bne	.LBB6_5
.Ltmp31:
@ %bb.2:                                @   in Loop: Header=BB6_1 Depth=1
	@DEBUG_VALUE: Getc_Timeout:Queue <- $r6
	@DEBUG_VALUE: Getc_Timeout:data <- $r5
	@DEBUG_VALUE: Getc_Timeout:Timeout <- $r4
	.loc	3 79 31 is_stmt 1               @ fifo.c:79:31
	cmp	r4, #0
	beq	.LBB6_1
.Ltmp32:
@ %bb.3:                                @   in Loop: Header=BB6_1 Depth=1
	@DEBUG_VALUE: Getc_Timeout:Queue <- $r6
	@DEBUG_VALUE: Getc_Timeout:data <- $r5
	@DEBUG_VALUE: Getc_Timeout:Timeout <- $r4
	.loc	3 79 35 is_stmt 0               @ fifo.c:79:35
	ldrb	r0, [r7]
.Ltmp33:
	.loc	3 79 6                          @ fifo.c:79:6
	cmp	r0, #0
	bne	.LBB6_1
.Ltmp34:
@ %bb.4:
	@DEBUG_VALUE: Getc_Timeout:Queue <- $r6
	@DEBUG_VALUE: Getc_Timeout:data <- $r5
	@DEBUG_VALUE: Getc_Timeout:Timeout <- $r4
	.loc	3 0 6                           @ fifo.c:0:6
	movs	r0, #0
	.loc	3 84 1 epilogue_begin is_stmt 1 @ fifo.c:84:1
	pop	{r3, r4, r5, r6, r7, pc}
.Ltmp35:
.LBB6_5:
	@DEBUG_VALUE: Getc_Timeout:Queue <- $r6
	@DEBUG_VALUE: Getc_Timeout:data <- $r5
	@DEBUG_VALUE: Getc_Timeout:Timeout <- $r4
	.loc	3 0 1 is_stmt 0                 @ fifo.c:0:1
	movs	r0, #1
	.loc	3 84 1 epilogue_begin           @ fifo.c:84:1
	pop	{r3, r4, r5, r6, r7, pc}
.Ltmp36:
	.p2align	2
@ %bb.6:
	.loc	3 0 1                           @ fifo.c:0:1
__arm_cp.6_0:
	.long	MicroTimer0
.Lcpi_end0:
	.size	__arm_cp.6_0, .Lcpi_end0-__arm_cp.6_0
.Lfunc_end6:
	.size	Getc_Timeout, .Lfunc_end6-Getc_Timeout
	.cfi_endproc
	.cantunwind
	.fnend
                                        @ -- End function
	.section	.debug_loc,"",%progbits
.Ldebug_loc0:
	.long	-1
	.long	.Lfunc_begin1                   @   base address
	.long	.Lfunc_begin1-.Lfunc_begin1
	.long	.Ltmp2-.Lfunc_begin1
	.short	1                               @ Loc expr size
	.byte	80                              @ DW_OP_reg0
	.long	.Ltmp2-.Lfunc_begin1
	.long	.Lfunc_end1-.Lfunc_begin1
	.short	4                               @ Loc expr size
	.byte	243                             @ DW_OP_GNU_entry_value
	.byte	1                               @ 1
	.byte	80                              @ DW_OP_reg0
	.byte	159                             @ DW_OP_stack_value
	.long	0
	.long	0
.Ldebug_loc1:
	.long	-1
	.long	.Lfunc_begin2                   @   base address
	.long	.Lfunc_begin2-.Lfunc_begin2
	.long	.Ltmp7-.Lfunc_begin2
	.short	1                               @ Loc expr size
	.byte	80                              @ DW_OP_reg0
	.long	.Ltmp7-.Lfunc_begin2
	.long	.Ltmp8-.Lfunc_begin2
	.short	4                               @ Loc expr size
	.byte	243                             @ DW_OP_GNU_entry_value
	.byte	1                               @ 1
	.byte	80                              @ DW_OP_reg0
	.byte	159                             @ DW_OP_stack_value
	.long	.Ltmp8-.Lfunc_begin2
	.long	.Ltmp9-.Lfunc_begin2
	.short	1                               @ Loc expr size
	.byte	80                              @ DW_OP_reg0
	.long	.Ltmp9-.Lfunc_begin2
	.long	.Lfunc_end2-.Lfunc_begin2
	.short	4                               @ Loc expr size
	.byte	243                             @ DW_OP_GNU_entry_value
	.byte	1                               @ 1
	.byte	80                              @ DW_OP_reg0
	.byte	159                             @ DW_OP_stack_value
	.long	0
	.long	0
.Ldebug_loc2:
	.long	-1
	.long	.Lfunc_begin3                   @   base address
	.long	.Lfunc_begin3-.Lfunc_begin3
	.long	.Ltmp12-.Lfunc_begin3
	.short	1                               @ Loc expr size
	.byte	80                              @ DW_OP_reg0
	.long	.Ltmp12-.Lfunc_begin3
	.long	.Lfunc_end3-.Lfunc_begin3
	.short	4                               @ Loc expr size
	.byte	243                             @ DW_OP_GNU_entry_value
	.byte	1                               @ 1
	.byte	80                              @ DW_OP_reg0
	.byte	159                             @ DW_OP_stack_value
	.long	0
	.long	0
.Ldebug_loc3:
	.long	-1
	.long	.Lfunc_begin4                   @   base address
	.long	.Lfunc_begin4-.Lfunc_begin4
	.long	.Ltmp16-.Lfunc_begin4
	.short	1                               @ Loc expr size
	.byte	80                              @ DW_OP_reg0
	.long	.Ltmp16-.Lfunc_begin4
	.long	.Ltmp17-.Lfunc_begin4
	.short	4                               @ Loc expr size
	.byte	243                             @ DW_OP_GNU_entry_value
	.byte	1                               @ 1
	.byte	80                              @ DW_OP_reg0
	.byte	159                             @ DW_OP_stack_value
	.long	.Ltmp17-.Lfunc_begin4
	.long	.Ltmp18-.Lfunc_begin4
	.short	1                               @ Loc expr size
	.byte	80                              @ DW_OP_reg0
	.long	.Ltmp18-.Lfunc_begin4
	.long	.Lfunc_end4-.Lfunc_begin4
	.short	4                               @ Loc expr size
	.byte	243                             @ DW_OP_GNU_entry_value
	.byte	1                               @ 1
	.byte	80                              @ DW_OP_reg0
	.byte	159                             @ DW_OP_stack_value
	.long	0
	.long	0
.Ldebug_loc4:
	.long	-1
	.long	.Lfunc_begin5                   @   base address
	.long	.Lfunc_begin5-.Lfunc_begin5
	.long	.Ltmp21-.Lfunc_begin5
	.short	1                               @ Loc expr size
	.byte	80                              @ DW_OP_reg0
	.long	.Ltmp21-.Lfunc_begin5
	.long	.Ltmp25-.Lfunc_begin5
	.short	1                               @ Loc expr size
	.byte	84                              @ DW_OP_reg4
	.long	0
	.long	0
.Ldebug_loc5:
	.long	-1
	.long	.Lfunc_begin6                   @   base address
	.long	.Lfunc_begin6-.Lfunc_begin6
	.long	.Ltmp28-.Lfunc_begin6
	.short	1                               @ Loc expr size
	.byte	80                              @ DW_OP_reg0
	.long	.Ltmp28-.Lfunc_begin6
	.long	.Ltmp36-.Lfunc_begin6
	.short	1                               @ Loc expr size
	.byte	86                              @ DW_OP_reg6
	.long	0
	.long	0
.Ldebug_loc6:
	.long	-1
	.long	.Lfunc_begin6                   @   base address
	.long	.Lfunc_begin6-.Lfunc_begin6
	.long	.Ltmp27-.Lfunc_begin6
	.short	1                               @ Loc expr size
	.byte	81                              @ DW_OP_reg1
	.long	.Ltmp27-.Lfunc_begin6
	.long	.Ltmp36-.Lfunc_begin6
	.short	1                               @ Loc expr size
	.byte	85                              @ DW_OP_reg5
	.long	0
	.long	0
.Ldebug_loc7:
	.long	-1
	.long	.Lfunc_begin6                   @   base address
	.long	.Lfunc_begin6-.Lfunc_begin6
	.long	.Ltmp26-.Lfunc_begin6
	.short	1                               @ Loc expr size
	.byte	82                              @ DW_OP_reg2
	.long	.Ltmp26-.Lfunc_begin6
	.long	.Ltmp36-.Lfunc_begin6
	.short	1                               @ Loc expr size
	.byte	84                              @ DW_OP_reg4
	.long	0
	.long	0
	.section	.debug_abbrev,"",%progbits
	.byte	1                               @ Abbreviation Code
	.byte	17                              @ DW_TAG_compile_unit
	.byte	1                               @ DW_CHILDREN_yes
	.byte	37                              @ DW_AT_producer
	.byte	14                              @ DW_FORM_strp
	.byte	19                              @ DW_AT_language
	.byte	5                               @ DW_FORM_data2
	.byte	3                               @ DW_AT_name
	.byte	14                              @ DW_FORM_strp
	.byte	16                              @ DW_AT_stmt_list
	.byte	23                              @ DW_FORM_sec_offset
	.byte	27                              @ DW_AT_comp_dir
	.byte	14                              @ DW_FORM_strp
	.byte	17                              @ DW_AT_low_pc
	.byte	1                               @ DW_FORM_addr
	.byte	85                              @ DW_AT_ranges
	.byte	23                              @ DW_FORM_sec_offset
	.byte	0                               @ EOM(1)
	.byte	0                               @ EOM(2)
	.byte	2                               @ Abbreviation Code
	.byte	15                              @ DW_TAG_pointer_type
	.byte	0                               @ DW_CHILDREN_no
	.byte	73                              @ DW_AT_type
	.byte	19                              @ DW_FORM_ref4
	.byte	0                               @ EOM(1)
	.byte	0                               @ EOM(2)
	.byte	3                               @ Abbreviation Code
	.byte	22                              @ DW_TAG_typedef
	.byte	0                               @ DW_CHILDREN_no
	.byte	73                              @ DW_AT_type
	.byte	19                              @ DW_FORM_ref4
	.byte	3                               @ DW_AT_name
	.byte	14                              @ DW_FORM_strp
	.byte	58                              @ DW_AT_decl_file
	.byte	11                              @ DW_FORM_data1
	.byte	59                              @ DW_AT_decl_line
	.byte	11                              @ DW_FORM_data1
	.byte	0                               @ EOM(1)
	.byte	0                               @ EOM(2)
	.byte	4                               @ Abbreviation Code
	.byte	36                              @ DW_TAG_base_type
	.byte	0                               @ DW_CHILDREN_no
	.byte	3                               @ DW_AT_name
	.byte	14                              @ DW_FORM_strp
	.byte	62                              @ DW_AT_encoding
	.byte	11                              @ DW_FORM_data1
	.byte	11                              @ DW_AT_byte_size
	.byte	11                              @ DW_FORM_data1
	.byte	0                               @ EOM(1)
	.byte	0                               @ EOM(2)
	.byte	5                               @ Abbreviation Code
	.byte	46                              @ DW_TAG_subprogram
	.byte	1                               @ DW_CHILDREN_yes
	.byte	17                              @ DW_AT_low_pc
	.byte	1                               @ DW_FORM_addr
	.byte	18                              @ DW_AT_high_pc
	.byte	6                               @ DW_FORM_data4
	.byte	64                              @ DW_AT_frame_base
	.byte	24                              @ DW_FORM_exprloc
	.ascii	"\227B"                         @ DW_AT_GNU_all_call_sites
	.byte	25                              @ DW_FORM_flag_present
	.byte	3                               @ DW_AT_name
	.byte	14                              @ DW_FORM_strp
	.byte	58                              @ DW_AT_decl_file
	.byte	11                              @ DW_FORM_data1
	.byte	59                              @ DW_AT_decl_line
	.byte	11                              @ DW_FORM_data1
	.byte	39                              @ DW_AT_prototyped
	.byte	25                              @ DW_FORM_flag_present
	.byte	63                              @ DW_AT_external
	.byte	25                              @ DW_FORM_flag_present
	.byte	0                               @ EOM(1)
	.byte	0                               @ EOM(2)
	.byte	6                               @ Abbreviation Code
	.byte	5                               @ DW_TAG_formal_parameter
	.byte	0                               @ DW_CHILDREN_no
	.byte	2                               @ DW_AT_location
	.byte	24                              @ DW_FORM_exprloc
	.byte	3                               @ DW_AT_name
	.byte	14                              @ DW_FORM_strp
	.byte	58                              @ DW_AT_decl_file
	.byte	11                              @ DW_FORM_data1
	.byte	59                              @ DW_AT_decl_line
	.byte	11                              @ DW_FORM_data1
	.byte	73                              @ DW_AT_type
	.byte	19                              @ DW_FORM_ref4
	.byte	0                               @ EOM(1)
	.byte	0                               @ EOM(2)
	.byte	7                               @ Abbreviation Code
	.byte	46                              @ DW_TAG_subprogram
	.byte	1                               @ DW_CHILDREN_yes
	.byte	17                              @ DW_AT_low_pc
	.byte	1                               @ DW_FORM_addr
	.byte	18                              @ DW_AT_high_pc
	.byte	6                               @ DW_FORM_data4
	.byte	64                              @ DW_AT_frame_base
	.byte	24                              @ DW_FORM_exprloc
	.ascii	"\227B"                         @ DW_AT_GNU_all_call_sites
	.byte	25                              @ DW_FORM_flag_present
	.byte	49                              @ DW_AT_abstract_origin
	.byte	19                              @ DW_FORM_ref4
	.byte	0                               @ EOM(1)
	.byte	0                               @ EOM(2)
	.byte	8                               @ Abbreviation Code
	.byte	5                               @ DW_TAG_formal_parameter
	.byte	0                               @ DW_CHILDREN_no
	.byte	2                               @ DW_AT_location
	.byte	23                              @ DW_FORM_sec_offset
	.byte	49                              @ DW_AT_abstract_origin
	.byte	19                              @ DW_FORM_ref4
	.byte	0                               @ EOM(1)
	.byte	0                               @ EOM(2)
	.byte	9                               @ Abbreviation Code
	.byte	46                              @ DW_TAG_subprogram
	.byte	1                               @ DW_CHILDREN_yes
	.byte	3                               @ DW_AT_name
	.byte	14                              @ DW_FORM_strp
	.byte	58                              @ DW_AT_decl_file
	.byte	11                              @ DW_FORM_data1
	.byte	59                              @ DW_AT_decl_line
	.byte	11                              @ DW_FORM_data1
	.byte	39                              @ DW_AT_prototyped
	.byte	25                              @ DW_FORM_flag_present
	.byte	73                              @ DW_AT_type
	.byte	19                              @ DW_FORM_ref4
	.byte	63                              @ DW_AT_external
	.byte	25                              @ DW_FORM_flag_present
	.byte	32                              @ DW_AT_inline
	.byte	11                              @ DW_FORM_data1
	.byte	0                               @ EOM(1)
	.byte	0                               @ EOM(2)
	.byte	10                              @ Abbreviation Code
	.byte	5                               @ DW_TAG_formal_parameter
	.byte	0                               @ DW_CHILDREN_no
	.byte	3                               @ DW_AT_name
	.byte	14                              @ DW_FORM_strp
	.byte	58                              @ DW_AT_decl_file
	.byte	11                              @ DW_FORM_data1
	.byte	59                              @ DW_AT_decl_line
	.byte	11                              @ DW_FORM_data1
	.byte	73                              @ DW_AT_type
	.byte	19                              @ DW_FORM_ref4
	.byte	0                               @ EOM(1)
	.byte	0                               @ EOM(2)
	.byte	11                              @ Abbreviation Code
	.byte	19                              @ DW_TAG_structure_type
	.byte	1                               @ DW_CHILDREN_yes
	.byte	11                              @ DW_AT_byte_size
	.byte	11                              @ DW_FORM_data1
	.byte	58                              @ DW_AT_decl_file
	.byte	11                              @ DW_FORM_data1
	.byte	59                              @ DW_AT_decl_line
	.byte	11                              @ DW_FORM_data1
	.byte	0                               @ EOM(1)
	.byte	0                               @ EOM(2)
	.byte	12                              @ Abbreviation Code
	.byte	13                              @ DW_TAG_member
	.byte	0                               @ DW_CHILDREN_no
	.byte	3                               @ DW_AT_name
	.byte	14                              @ DW_FORM_strp
	.byte	73                              @ DW_AT_type
	.byte	19                              @ DW_FORM_ref4
	.byte	58                              @ DW_AT_decl_file
	.byte	11                              @ DW_FORM_data1
	.byte	59                              @ DW_AT_decl_line
	.byte	11                              @ DW_FORM_data1
	.byte	56                              @ DW_AT_data_member_location
	.byte	11                              @ DW_FORM_data1
	.byte	0                               @ EOM(1)
	.byte	0                               @ EOM(2)
	.byte	13                              @ Abbreviation Code
	.byte	53                              @ DW_TAG_volatile_type
	.byte	0                               @ DW_CHILDREN_no
	.byte	73                              @ DW_AT_type
	.byte	19                              @ DW_FORM_ref4
	.byte	0                               @ EOM(1)
	.byte	0                               @ EOM(2)
	.byte	14                              @ Abbreviation Code
	.byte	46                              @ DW_TAG_subprogram
	.byte	1                               @ DW_CHILDREN_yes
	.byte	17                              @ DW_AT_low_pc
	.byte	1                               @ DW_FORM_addr
	.byte	18                              @ DW_AT_high_pc
	.byte	6                               @ DW_FORM_data4
	.byte	64                              @ DW_AT_frame_base
	.byte	24                              @ DW_FORM_exprloc
	.ascii	"\227B"                         @ DW_AT_GNU_all_call_sites
	.byte	25                              @ DW_FORM_flag_present
	.byte	3                               @ DW_AT_name
	.byte	14                              @ DW_FORM_strp
	.byte	58                              @ DW_AT_decl_file
	.byte	11                              @ DW_FORM_data1
	.byte	59                              @ DW_AT_decl_line
	.byte	11                              @ DW_FORM_data1
	.byte	39                              @ DW_AT_prototyped
	.byte	25                              @ DW_FORM_flag_present
	.byte	73                              @ DW_AT_type
	.byte	19                              @ DW_FORM_ref4
	.byte	63                              @ DW_AT_external
	.byte	25                              @ DW_FORM_flag_present
	.byte	0                               @ EOM(1)
	.byte	0                               @ EOM(2)
	.byte	15                              @ Abbreviation Code
	.byte	5                               @ DW_TAG_formal_parameter
	.byte	0                               @ DW_CHILDREN_no
	.byte	2                               @ DW_AT_location
	.byte	23                              @ DW_FORM_sec_offset
	.byte	3                               @ DW_AT_name
	.byte	14                              @ DW_FORM_strp
	.byte	58                              @ DW_AT_decl_file
	.byte	11                              @ DW_FORM_data1
	.byte	59                              @ DW_AT_decl_line
	.byte	11                              @ DW_FORM_data1
	.byte	73                              @ DW_AT_type
	.byte	19                              @ DW_FORM_ref4
	.byte	0                               @ EOM(1)
	.byte	0                               @ EOM(2)
	.byte	16                              @ Abbreviation Code
	.byte	29                              @ DW_TAG_inlined_subroutine
	.byte	1                               @ DW_CHILDREN_yes
	.byte	49                              @ DW_AT_abstract_origin
	.byte	19                              @ DW_FORM_ref4
	.byte	17                              @ DW_AT_low_pc
	.byte	1                               @ DW_FORM_addr
	.byte	18                              @ DW_AT_high_pc
	.byte	6                               @ DW_FORM_data4
	.byte	88                              @ DW_AT_call_file
	.byte	11                              @ DW_FORM_data1
	.byte	89                              @ DW_AT_call_line
	.byte	11                              @ DW_FORM_data1
	.byte	87                              @ DW_AT_call_column
	.byte	11                              @ DW_FORM_data1
	.byte	0                               @ EOM(1)
	.byte	0                               @ EOM(2)
	.byte	17                              @ Abbreviation Code
	.byte	5                               @ DW_TAG_formal_parameter
	.byte	0                               @ DW_CHILDREN_no
	.byte	2                               @ DW_AT_location
	.byte	24                              @ DW_FORM_exprloc
	.byte	49                              @ DW_AT_abstract_origin
	.byte	19                              @ DW_FORM_ref4
	.byte	0                               @ EOM(1)
	.byte	0                               @ EOM(2)
	.byte	18                              @ Abbreviation Code
	.byte	52                              @ DW_TAG_variable
	.byte	0                               @ DW_CHILDREN_no
	.byte	2                               @ DW_AT_location
	.byte	24                              @ DW_FORM_exprloc
	.byte	3                               @ DW_AT_name
	.byte	14                              @ DW_FORM_strp
	.byte	58                              @ DW_AT_decl_file
	.byte	11                              @ DW_FORM_data1
	.byte	59                              @ DW_AT_decl_line
	.byte	11                              @ DW_FORM_data1
	.byte	73                              @ DW_AT_type
	.byte	19                              @ DW_FORM_ref4
	.byte	0                               @ EOM(1)
	.byte	0                               @ EOM(2)
	.byte	0                               @ EOM(3)
	.section	.debug_info,"",%progbits
.Lcu_begin0:
	.long	.Ldebug_info_end0-.Ldebug_info_start0 @ Length of Unit
.Ldebug_info_start0:
	.short	4                               @ DWARF version number
	.long	.debug_abbrev                   @ Offset Into Abbrev. Section
	.byte	4                               @ Address Size (in bytes)
	.byte	1                               @ Abbrev [1] 0xb:0x224 DW_TAG_compile_unit
	.long	.Linfo_string0                  @ DW_AT_producer
	.short	12                              @ DW_AT_language
	.long	.Linfo_string1                  @ DW_AT_name
	.long	.Lline_table_start0             @ DW_AT_stmt_list
	.long	.Linfo_string2                  @ DW_AT_comp_dir
	.long	0                               @ DW_AT_low_pc
	.long	.Ldebug_ranges0                 @ DW_AT_ranges
	.byte	2                               @ Abbrev [2] 0x26:0x5 DW_TAG_pointer_type
	.long	43                              @ DW_AT_type
	.byte	3                               @ Abbrev [3] 0x2b:0xb DW_TAG_typedef
	.long	54                              @ DW_AT_type
	.long	.Linfo_string5                  @ DW_AT_name
	.byte	2                               @ DW_AT_decl_file
	.byte	30                              @ DW_AT_decl_line
	.byte	3                               @ Abbrev [3] 0x36:0xb DW_TAG_typedef
	.long	65                              @ DW_AT_type
	.long	.Linfo_string4                  @ DW_AT_name
	.byte	1                               @ DW_AT_decl_file
	.byte	62                              @ DW_AT_decl_line
	.byte	4                               @ Abbrev [4] 0x41:0x7 DW_TAG_base_type
	.long	.Linfo_string3                  @ DW_AT_name
	.byte	8                               @ DW_AT_encoding
	.byte	1                               @ DW_AT_byte_size
	.byte	5                               @ Abbrev [5] 0x48:0x1f DW_TAG_subprogram
	.long	.Lfunc_begin0                   @ DW_AT_low_pc
	.long	.Lfunc_end0-.Lfunc_begin0       @ DW_AT_high_pc
	.byte	1                               @ DW_AT_frame_base
	.byte	93
                                        @ DW_AT_GNU_all_call_sites
	.long	.Linfo_string14                 @ DW_AT_name
	.byte	3                               @ DW_AT_decl_file
	.byte	26                              @ DW_AT_decl_line
                                        @ DW_AT_prototyped
                                        @ DW_AT_external
	.byte	6                               @ Abbrev [6] 0x59:0xd DW_TAG_formal_parameter
	.byte	1                               @ DW_AT_location
	.byte	80
	.long	.Linfo_string7                  @ DW_AT_name
	.byte	3                               @ DW_AT_decl_file
	.byte	26                              @ DW_AT_decl_line
	.long	152                             @ DW_AT_type
	.byte	0                               @ End Of Children Mark
	.byte	7                               @ Abbrev [7] 0x67:0x19 DW_TAG_subprogram
	.long	.Lfunc_begin1                   @ DW_AT_low_pc
	.long	.Lfunc_end1-.Lfunc_begin1       @ DW_AT_high_pc
	.byte	1                               @ DW_AT_frame_base
	.byte	93
                                        @ DW_AT_GNU_all_call_sites
	.long	128                             @ DW_AT_abstract_origin
	.byte	8                               @ Abbrev [8] 0x76:0x9 DW_TAG_formal_parameter
	.long	.Ldebug_loc0                    @ DW_AT_location
	.long	140                             @ DW_AT_abstract_origin
	.byte	0                               @ End Of Children Mark
	.byte	9                               @ Abbrev [9] 0x80:0x18 DW_TAG_subprogram
	.long	.Linfo_string6                  @ DW_AT_name
	.byte	3                               @ DW_AT_decl_file
	.byte	31                              @ DW_AT_decl_line
                                        @ DW_AT_prototyped
	.long	54                              @ DW_AT_type
                                        @ DW_AT_external
	.byte	1                               @ DW_AT_inline
	.byte	10                              @ Abbrev [10] 0x8c:0xb DW_TAG_formal_parameter
	.long	.Linfo_string7                  @ DW_AT_name
	.byte	3                               @ DW_AT_decl_file
	.byte	31                              @ DW_AT_decl_line
	.long	152                             @ DW_AT_type
	.byte	0                               @ End Of Children Mark
	.byte	2                               @ Abbrev [2] 0x98:0x5 DW_TAG_pointer_type
	.long	157                             @ DW_AT_type
	.byte	3                               @ Abbrev [3] 0x9d:0xb DW_TAG_typedef
	.long	168                             @ DW_AT_type
	.long	.Linfo_string12                 @ DW_AT_name
	.byte	2                               @ DW_AT_decl_file
	.byte	38                              @ DW_AT_decl_line
	.byte	11                              @ Abbrev [11] 0xa8:0x29 DW_TAG_structure_type
	.byte	3                               @ DW_AT_byte_size
	.byte	2                               @ DW_AT_decl_file
	.byte	33                              @ DW_AT_decl_line
	.byte	12                              @ Abbrev [12] 0xac:0xc DW_TAG_member
	.long	.Linfo_string8                  @ DW_AT_name
	.long	209                             @ DW_AT_type
	.byte	2                               @ DW_AT_decl_file
	.byte	35                              @ DW_AT_decl_line
	.byte	0                               @ DW_AT_data_member_location
	.byte	12                              @ Abbrev [12] 0xb8:0xc DW_TAG_member
	.long	.Linfo_string10                 @ DW_AT_name
	.long	220                             @ DW_AT_type
	.byte	2                               @ DW_AT_decl_file
	.byte	36                              @ DW_AT_decl_line
	.byte	1                               @ DW_AT_data_member_location
	.byte	12                              @ Abbrev [12] 0xc4:0xc DW_TAG_member
	.long	.Linfo_string11                 @ DW_AT_name
	.long	220                             @ DW_AT_type
	.byte	2                               @ DW_AT_decl_file
	.byte	37                              @ DW_AT_decl_line
	.byte	2                               @ DW_AT_data_member_location
	.byte	0                               @ End Of Children Mark
	.byte	3                               @ Abbrev [3] 0xd1:0xb DW_TAG_typedef
	.long	54                              @ DW_AT_type
	.long	.Linfo_string9                  @ DW_AT_name
	.byte	2                               @ DW_AT_decl_file
	.byte	31                              @ DW_AT_decl_line
	.byte	13                              @ Abbrev [13] 0xdc:0x5 DW_TAG_volatile_type
	.long	209                             @ DW_AT_type
	.byte	14                              @ Abbrev [14] 0xe1:0x4a DW_TAG_subprogram
	.long	.Lfunc_begin2                   @ DW_AT_low_pc
	.long	.Lfunc_end2-.Lfunc_begin2       @ DW_AT_high_pc
	.byte	1                               @ DW_AT_frame_base
	.byte	93
                                        @ DW_AT_GNU_all_call_sites
	.long	.Linfo_string15                 @ DW_AT_name
	.byte	3                               @ DW_AT_decl_file
	.byte	36                              @ DW_AT_decl_line
                                        @ DW_AT_prototyped
	.long	54                              @ DW_AT_type
                                        @ DW_AT_external
	.byte	15                              @ Abbrev [15] 0xf6:0xf DW_TAG_formal_parameter
	.long	.Ldebug_loc1                    @ DW_AT_location
	.long	.Linfo_string7                  @ DW_AT_name
	.byte	3                               @ DW_AT_decl_file
	.byte	36                              @ DW_AT_decl_line
	.long	152                             @ DW_AT_type
	.byte	6                               @ Abbrev [6] 0x105:0xd DW_TAG_formal_parameter
	.byte	1                               @ DW_AT_location
	.byte	81
	.long	.Linfo_string19                 @ DW_AT_name
	.byte	3                               @ DW_AT_decl_file
	.byte	36                              @ DW_AT_decl_line
	.long	43                              @ DW_AT_type
	.byte	16                              @ Abbrev [16] 0x112:0x18 DW_TAG_inlined_subroutine
	.long	128                             @ DW_AT_abstract_origin
	.long	.Ltmp4                          @ DW_AT_low_pc
	.long	.Ltmp5-.Ltmp4                   @ DW_AT_high_pc
	.byte	3                               @ DW_AT_call_file
	.byte	38                              @ DW_AT_call_line
	.byte	5                               @ DW_AT_call_column
	.byte	17                              @ Abbrev [17] 0x122:0x7 DW_TAG_formal_parameter
	.byte	1                               @ DW_AT_location
	.byte	80
	.long	140                             @ DW_AT_abstract_origin
	.byte	0                               @ End Of Children Mark
	.byte	0                               @ End Of Children Mark
	.byte	7                               @ Abbrev [7] 0x12b:0x19 DW_TAG_subprogram
	.long	.Lfunc_begin3                   @ DW_AT_low_pc
	.long	.Lfunc_end3-.Lfunc_begin3       @ DW_AT_high_pc
	.byte	1                               @ DW_AT_frame_base
	.byte	93
                                        @ DW_AT_GNU_all_call_sites
	.long	324                             @ DW_AT_abstract_origin
	.byte	8                               @ Abbrev [8] 0x13a:0x9 DW_TAG_formal_parameter
	.long	.Ldebug_loc2                    @ DW_AT_location
	.long	336                             @ DW_AT_abstract_origin
	.byte	0                               @ End Of Children Mark
	.byte	9                               @ Abbrev [9] 0x144:0x18 DW_TAG_subprogram
	.long	.Linfo_string13                 @ DW_AT_name
	.byte	3                               @ DW_AT_decl_file
	.byte	47                              @ DW_AT_decl_line
                                        @ DW_AT_prototyped
	.long	54                              @ DW_AT_type
                                        @ DW_AT_external
	.byte	1                               @ DW_AT_inline
	.byte	10                              @ Abbrev [10] 0x150:0xb DW_TAG_formal_parameter
	.long	.Linfo_string7                  @ DW_AT_name
	.byte	3                               @ DW_AT_decl_file
	.byte	47                              @ DW_AT_decl_line
	.long	152                             @ DW_AT_type
	.byte	0                               @ End Of Children Mark
	.byte	14                              @ Abbrev [14] 0x15c:0x4a DW_TAG_subprogram
	.long	.Lfunc_begin4                   @ DW_AT_low_pc
	.long	.Lfunc_end4-.Lfunc_begin4       @ DW_AT_high_pc
	.byte	1                               @ DW_AT_frame_base
	.byte	93
                                        @ DW_AT_GNU_all_call_sites
	.long	.Linfo_string16                 @ DW_AT_name
	.byte	3                               @ DW_AT_decl_file
	.byte	52                              @ DW_AT_decl_line
                                        @ DW_AT_prototyped
	.long	54                              @ DW_AT_type
                                        @ DW_AT_external
	.byte	15                              @ Abbrev [15] 0x171:0xf DW_TAG_formal_parameter
	.long	.Ldebug_loc3                    @ DW_AT_location
	.long	.Linfo_string7                  @ DW_AT_name
	.byte	3                               @ DW_AT_decl_file
	.byte	52                              @ DW_AT_decl_line
	.long	152                             @ DW_AT_type
	.byte	6                               @ Abbrev [6] 0x180:0xd DW_TAG_formal_parameter
	.byte	1                               @ DW_AT_location
	.byte	81
	.long	.Linfo_string19                 @ DW_AT_name
	.byte	3                               @ DW_AT_decl_file
	.byte	52                              @ DW_AT_decl_line
	.long	38                              @ DW_AT_type
	.byte	16                              @ Abbrev [16] 0x18d:0x18 DW_TAG_inlined_subroutine
	.long	324                             @ DW_AT_abstract_origin
	.long	.Lfunc_begin4                   @ DW_AT_low_pc
	.long	.Ltmp14-.Lfunc_begin4           @ DW_AT_high_pc
	.byte	3                               @ DW_AT_call_file
	.byte	54                              @ DW_AT_call_line
	.byte	6                               @ DW_AT_call_column
	.byte	17                              @ Abbrev [17] 0x19d:0x7 DW_TAG_formal_parameter
	.byte	1                               @ DW_AT_location
	.byte	80
	.long	336                             @ DW_AT_abstract_origin
	.byte	0                               @ End Of Children Mark
	.byte	0                               @ End Of Children Mark
	.byte	14                              @ Abbrev [14] 0x1a6:0x33 DW_TAG_subprogram
	.long	.Lfunc_begin5                   @ DW_AT_low_pc
	.long	.Lfunc_end5-.Lfunc_begin5       @ DW_AT_high_pc
	.byte	1                               @ DW_AT_frame_base
	.byte	93
                                        @ DW_AT_GNU_all_call_sites
	.long	.Linfo_string17                 @ DW_AT_name
	.byte	3                               @ DW_AT_decl_file
	.byte	63                              @ DW_AT_decl_line
                                        @ DW_AT_prototyped
	.long	54                              @ DW_AT_type
                                        @ DW_AT_external
	.byte	15                              @ Abbrev [15] 0x1bb:0xf DW_TAG_formal_parameter
	.long	.Ldebug_loc4                    @ DW_AT_location
	.long	.Linfo_string7                  @ DW_AT_name
	.byte	3                               @ DW_AT_decl_file
	.byte	63                              @ DW_AT_decl_line
	.long	152                             @ DW_AT_type
	.byte	18                              @ Abbrev [18] 0x1ca:0xe DW_TAG_variable
	.byte	2                               @ DW_AT_location
	.byte	145
	.byte	4
	.long	.Linfo_string20                 @ DW_AT_name
	.byte	3                               @ DW_AT_decl_file
	.byte	65                              @ DW_AT_decl_line
	.long	54                              @ DW_AT_type
	.byte	0                               @ End Of Children Mark
	.byte	14                              @ Abbrev [14] 0x1d9:0x43 DW_TAG_subprogram
	.long	.Lfunc_begin6                   @ DW_AT_low_pc
	.long	.Lfunc_end6-.Lfunc_begin6       @ DW_AT_high_pc
	.byte	1                               @ DW_AT_frame_base
	.byte	93
                                        @ DW_AT_GNU_all_call_sites
	.long	.Linfo_string18                 @ DW_AT_name
	.byte	3                               @ DW_AT_decl_file
	.byte	73                              @ DW_AT_decl_line
                                        @ DW_AT_prototyped
	.long	54                              @ DW_AT_type
                                        @ DW_AT_external
	.byte	15                              @ Abbrev [15] 0x1ee:0xf DW_TAG_formal_parameter
	.long	.Ldebug_loc5                    @ DW_AT_location
	.long	.Linfo_string7                  @ DW_AT_name
	.byte	3                               @ DW_AT_decl_file
	.byte	73                              @ DW_AT_decl_line
	.long	152                             @ DW_AT_type
	.byte	15                              @ Abbrev [15] 0x1fd:0xf DW_TAG_formal_parameter
	.long	.Ldebug_loc6                    @ DW_AT_location
	.long	.Linfo_string19                 @ DW_AT_name
	.byte	3                               @ DW_AT_decl_file
	.byte	73                              @ DW_AT_decl_line
	.long	38                              @ DW_AT_type
	.byte	15                              @ Abbrev [15] 0x20c:0xf DW_TAG_formal_parameter
	.long	.Ldebug_loc7                    @ DW_AT_location
	.long	.Linfo_string21                 @ DW_AT_name
	.byte	3                               @ DW_AT_decl_file
	.byte	73                              @ DW_AT_decl_line
	.long	540                             @ DW_AT_type
	.byte	0                               @ End Of Children Mark
	.byte	3                               @ Abbrev [3] 0x21c:0xb DW_TAG_typedef
	.long	551                             @ DW_AT_type
	.long	.Linfo_string23                 @ DW_AT_name
	.byte	1                               @ DW_AT_decl_file
	.byte	63                              @ DW_AT_decl_line
	.byte	4                               @ Abbrev [4] 0x227:0x7 DW_TAG_base_type
	.long	.Linfo_string22                 @ DW_AT_name
	.byte	7                               @ DW_AT_encoding
	.byte	2                               @ DW_AT_byte_size
	.byte	0                               @ End Of Children Mark
.Ldebug_info_end0:
	.section	.debug_ranges,"",%progbits
.Ldebug_ranges0:
	.long	.Lfunc_begin0
	.long	.Lfunc_end0
	.long	.Lfunc_begin1
	.long	.Lfunc_end1
	.long	.Lfunc_begin2
	.long	.Lfunc_end2
	.long	.Lfunc_begin3
	.long	.Lfunc_end3
	.long	.Lfunc_begin4
	.long	.Lfunc_end4
	.long	.Lfunc_begin5
	.long	.Lfunc_end5
	.long	.Lfunc_begin6
	.long	.Lfunc_end6
	.long	0
	.long	0
	.section	.debug_str,"MS",%progbits,1
.Linfo_string0:
	.asciz	"Component: Arm Compiler for Embedded 6.21 Tool: armclang [5ec1fd00]" @ string offset=0
.Linfo_string1:
	.asciz	"fifo.c"                        @ string offset=68
.Linfo_string2:
	.asciz	"C:\\Users\\ralf\\Documents\\Projekte\\uTerm\\STM32F030F4\\Firmware\\ChibiTerm" @ string offset=75
.Linfo_string3:
	.asciz	"unsigned char"                 @ string offset=145
.Linfo_string4:
	.asciz	"uint8_t"                       @ string offset=159
.Linfo_string5:
	.asciz	"FIFO_Data_t"                   @ string offset=167
.Linfo_string6:
	.asciz	"FIFO_WriteAvail"               @ string offset=179
.Linfo_string7:
	.asciz	"Queue"                         @ string offset=195
.Linfo_string8:
	.asciz	"SizeMask"                      @ string offset=201
.Linfo_string9:
	.asciz	"FIFO_Index_t"                  @ string offset=210
.Linfo_string10:
	.asciz	"Head"                          @ string offset=223
.Linfo_string11:
	.asciz	"Tail"                          @ string offset=228
.Linfo_string12:
	.asciz	"FIFO"                          @ string offset=233
.Linfo_string13:
	.asciz	"FIFO_ReadAvail"                @ string offset=238
.Linfo_string14:
	.asciz	"FIFO_Clear"                    @ string offset=253
.Linfo_string15:
	.asciz	"FIFO_Write"                    @ string offset=264
.Linfo_string16:
	.asciz	"FIFO_Read"                     @ string offset=275
.Linfo_string17:
	.asciz	"Getc"                          @ string offset=285
.Linfo_string18:
	.asciz	"Getc_Timeout"                  @ string offset=290
.Linfo_string19:
	.asciz	"data"                          @ string offset=303
.Linfo_string20:
	.asciz	"ch"                            @ string offset=308
.Linfo_string21:
	.asciz	"Timeout"                       @ string offset=311
.Linfo_string22:
	.asciz	"unsigned short"                @ string offset=319
.Linfo_string23:
	.asciz	"uint16_t"                      @ string offset=334
	.ident	"Component: Arm Compiler for Embedded 6.21 Tool: armclang [5ec1fd00]"
	.section	".note.GNU-stack","",%progbits
	.eabi_attribute	30, 4	@ Tag_ABI_optimization_goals
	.ARM_attribute	16, 1	@ Tag_AV_eba
	.section	.debug_line,"",%progbits
.Lline_table_start0:
