	.text
	.syntax unified
	.eabi_attribute	67, "2.09"	@ Tag_conformance
	.cpu	cortex-m0
	.eabi_attribute	6, 12	@ Tag_CPU_arch
	.eabi_attribute	7, 77	@ Tag_CPU_arch_profile
	.eabi_attribute	8, 0	@ Tag_ARM_ISA_use
	.eabi_attribute	9, 1	@ Tag_THUMB_ISA_use
	.eabi_attribute	34, 0	@ Tag_CPU_unaligned_access
	.eabi_attribute	17, 1	@ Tag_ABI_PCS_GOT_use
	.eabi_attribute	20, 2	@ Tag_ABI_FP_denormal
	.eabi_attribute	21, 0	@ Tag_ABI_FP_exceptions
	.eabi_attribute	23, 1	@ Tag_ABI_FP_number_model
	.eabi_attribute	24, 1	@ Tag_ABI_align_needed
	.eabi_attribute	25, 1	@ Tag_ABI_align_preserved
	.eabi_attribute	38, 1	@ Tag_ABI_FP_16bit_format
	.eabi_attribute	18, 2	@ Tag_ABI_PCS_wchar_t
	.eabi_attribute	26, 1	@ Tag_ABI_enum_size
	.eabi_attribute	14, 0	@ Tag_ABI_PCS_R9_use
	.file	"serial.c"
	.file	1 "C:\\Users\\ralf" "Program Files\\Keil_v5\\ARM\\ARMCLANG\\Bin\\..\\include\\stdint.h"
	.file	2 "C:\\Users\\ralf\\Documents\\Projekte\\uTerm\\STM32F030F4\\Firmware\\ChibiTerm" "./fifo.h"
	.file	3 "C:\\Users\\ralf\\Documents\\Projekte\\uTerm\\STM32F030F4\\Firmware\\ChibiTerm" "serial.c"
	.file	4 "C:/Users/ralf/Program Files/Keil_v5/ARM/INC/ST/STM32F0xx" "stm32f0xx.h"
	.file	5 "C:/Users/ralf/Program Files/Keil_v5/ARM/CMSIS/Include" "core_cm0.h"
	.section	.text.USART_Init,"ax",%progbits
	.hidden	USART_Init                      @ -- Begin function USART_Init
	.globl	USART_Init
	.p2align	2
	.type	USART_Init,%function
	.code	16                              @ @USART_Init
	.thumb_func
USART_Init:
.Lfunc_begin0:
	.loc	3 33 0                          @ serial.c:33:0
	.fnstart
	.cfi_sections .debug_frame
	.cfi_startproc
@ %bb.0:
	.save	{r4, r5, r7, lr}
	push	{r4, r5, r7, lr}
	.cfi_def_cfa_offset 16
	.cfi_offset lr, -4
	.cfi_offset r7, -8
	.cfi_offset r5, -12
	.cfi_offset r4, -16
	movs	r5, #1
	lsls	r0, r5, #14
	ldr	r1, __arm_cp.0_0
.Ltmp0:
	.loc	3 34 15 prologue_end            @ serial.c:34:15
	ldr	r2, [r1]
	orrs	r2, r0
	str	r2, [r1]
	movs	r0, #217
	lsls	r0, r0, #1
	ldr	r1, __arm_cp.0_1
	.loc	3 35 15                         @ serial.c:35:15
	strh	r0, [r1, #12]
	movs	r0, #45
	.loc	3 39 15                         @ serial.c:39:15
	str	r0, [r1]
	.loc	3 42 2                          @ serial.c:42:2
	ldr	r4, __arm_cp.0_2
	mov	r0, r4
	adds	r0, #19
	bl	FIFO_Clear
.Ltmp1:
	.loc	3 43 2                          @ serial.c:43:2
	mov	r0, r4
	bl	FIFO_Clear
.Ltmp2:
	.loc	3 0 2 is_stmt 0                 @ serial.c:0:2
	movs	r0, #255
	lsls	r0, r0, #24
	ldr	r1, __arm_cp.0_3
.Ltmp3:
	@DEBUG_VALUE: NVIC_SetPriority:priority <- 3
	@DEBUG_VALUE: NVIC_SetPriority:IRQn <- 27
	.loc	5 608 32 is_stmt 1              @ C:/Users/ralf/Program Files/Keil_v5/ARM/CMSIS/Include\core_cm0.h:608:32
	ldr	r2, [r1]
	.loc	5 608 56 is_stmt 0              @ C:/Users/ralf/Program Files/Keil_v5/ARM/CMSIS/Include\core_cm0.h:608:56
	bics	r2, r0
	movs	r0, #3
	lsls	r0, r0, #30
	.loc	5 608 87                        @ C:/Users/ralf/Program Files/Keil_v5/ARM/CMSIS/Include\core_cm0.h:608:87
	adds	r0, r2, r0
	.loc	5 608 29                        @ C:/Users/ralf/Program Files/Keil_v5/ARM/CMSIS/Include\core_cm0.h:608:29
	str	r0, [r1]
	lsls	r0, r5, #27
	ldr	r1, __arm_cp.0_4
.Ltmp4:
	@DEBUG_VALUE: NVIC_EnableIRQ:IRQn <- 27
	.loc	5 537 17 is_stmt 1              @ C:/Users/ralf/Program Files/Keil_v5/ARM/CMSIS/Include\core_cm0.h:537:17
	str	r0, [r1]
.Ltmp5:
	.loc	3 48 1 epilogue_begin           @ serial.c:48:1
	pop	{r4, r5, r7, pc}
.Ltmp6:
	.p2align	2
@ %bb.1:
	.loc	3 0 1 is_stmt 0                 @ serial.c:0:1
__arm_cp.0_0:
	.long	1073877016                      @ 0x40021018
.Lcpi_end0:
	.size	__arm_cp.0_0, .Lcpi_end0-__arm_cp.0_0
__arm_cp.0_1:
	.long	1073821696                      @ 0x40013800
.Lcpi_end1:
	.size	__arm_cp.0_1, .Lcpi_end1-__arm_cp.0_1
__arm_cp.0_2:
	.long	.L_MergedGlobals
.Lcpi_end2:
	.size	__arm_cp.0_2, .Lcpi_end2-__arm_cp.0_2
__arm_cp.0_3:
	.long	3758154776                      @ 0xe000e418
.Lcpi_end3:
	.size	__arm_cp.0_3, .Lcpi_end3-__arm_cp.0_3
__arm_cp.0_4:
	.long	3758153984                      @ 0xe000e100
.Lcpi_end4:
	.size	__arm_cp.0_4, .Lcpi_end4-__arm_cp.0_4
.Lfunc_end0:
	.size	USART_Init, .Lfunc_end0-USART_Init
	.cfi_endproc
	.cantunwind
	.fnend
                                        @ -- End function
	.section	.text.USART1_IRQHandler,"ax",%progbits
	.hidden	USART1_IRQHandler               @ -- Begin function USART1_IRQHandler
	.globl	USART1_IRQHandler
	.p2align	2
	.type	USART1_IRQHandler,%function
	.code	16                              @ @USART1_IRQHandler
	.thumb_func
USART1_IRQHandler:
.Lfunc_begin1:
	.loc	3 51 0 is_stmt 1                @ serial.c:51:0
	.fnstart
	.cfi_startproc
@ %bb.0:
	.save	{r4, lr}
	.pad	#8
	push	{r2, r3, r4, lr}
	.cfi_def_cfa_offset 16
	.cfi_offset lr, -4
	.cfi_offset r4, -8
	ldr	r4, __arm_cp.1_0
.Ltmp7:
	.loc	3 52 13 prologue_end            @ serial.c:52:13
	ldr	r0, [r4, #28]
.Ltmp8:
	.loc	3 52 5 is_stmt 0                @ serial.c:52:5
	lsls	r0, r0, #26
	bpl	.LBB1_2
@ %bb.1:
.Ltmp9:
	.loc	3 54 3 is_stmt 1                @ serial.c:54:3
	ldr	r0, __arm_cp.1_1
	adds	r0, #19
	ldrh	r1, [r4, #36]
	uxtb	r1, r1
	bl	FIFO_Write
.Ltmp10:
.LBB1_2:
	.loc	3 57 13                         @ serial.c:57:13
	ldr	r0, [r4, #28]
.Ltmp11:
	.loc	3 57 5 is_stmt 0                @ serial.c:57:5
	lsls	r0, r0, #24
	bpl	.LBB1_6
@ %bb.3:
.Ltmp12:
	.loc	3 61 6 is_stmt 1                @ serial.c:61:6
	ldr	r0, __arm_cp.1_1
	add	r1, sp, #4
	bl	FIFO_Read
.Ltmp13:
	.loc	3 61 6 is_stmt 0                @ serial.c:61:6
	cmp	r0, #0
	beq	.LBB1_5
@ %bb.4:
	.loc	3 0 6                           @ serial.c:0:6
	add	r0, sp, #4
.Ltmp14:
	.loc	3 62 18 is_stmt 1               @ serial.c:62:18
	ldrb	r0, [r0]
	.loc	3 62 16 is_stmt 0               @ serial.c:62:16
	strh	r0, [r4, #40]
.Ltmp15:
	.loc	3 66 1 epilogue_begin is_stmt 1 @ serial.c:66:1
	pop	{r2, r3, r4, pc}
.LBB1_5:
.Ltmp16:
	.loc	3 64 16                         @ serial.c:64:16
	ldr	r0, [r4]
	movs	r1, #128
	bics	r0, r1
	str	r0, [r4]
.Ltmp17:
.LBB1_6:
	.loc	3 66 1 epilogue_begin           @ serial.c:66:1
	pop	{r2, r3, r4, pc}
.Ltmp18:
	.p2align	2
@ %bb.7:
	.loc	3 0 1 is_stmt 0                 @ serial.c:0:1
__arm_cp.1_0:
	.long	1073821696                      @ 0x40013800
.Lcpi_end5:
	.size	__arm_cp.1_0, .Lcpi_end5-__arm_cp.1_0
__arm_cp.1_1:
	.long	.L_MergedGlobals
.Lcpi_end6:
	.size	__arm_cp.1_1, .Lcpi_end6-__arm_cp.1_1
.Lfunc_end1:
	.size	USART1_IRQHandler, .Lfunc_end1-USART1_IRQHandler
	.cfi_endproc
	.cantunwind
	.fnend
                                        @ -- End function
	.section	.text.Putchar,"ax",%progbits
	.hidden	Putchar                         @ -- Begin function Putchar
	.globl	Putchar
	.p2align	2
	.type	Putchar,%function
	.code	16                              @ @Putchar
	.thumb_func
Putchar:
.Lfunc_begin2:
	.loc	3 69 0 is_stmt 1                @ serial.c:69:0
	.fnstart
	.cfi_startproc
@ %bb.0:
	@DEBUG_VALUE: Putchar:data <- $r0
	.save	{r4, r5, r7, lr}
	push	{r4, r5, r7, lr}
	.cfi_def_cfa_offset 16
	.cfi_offset lr, -4
	.cfi_offset r7, -8
	.cfi_offset r5, -12
	.cfi_offset r4, -16
	mov	r4, r0
.Ltmp19:
	@DEBUG_VALUE: Putchar:data <- $r4
	ldr	r5, __arm_cp.2_0
.Ltmp20:
.LBB2_1:                                @ =>This Inner Loop Header: Depth=1
	@DEBUG_VALUE: Putchar:data <- $r4
	.loc	3 70 9 prologue_end             @ serial.c:70:9
	mov	r0, r5
	mov	r1, r4
	bl	FIFO_Write
.Ltmp21:
	.loc	3 70 2 is_stmt 0                @ serial.c:70:2
	cmp	r0, #0
	beq	.LBB2_1
.Ltmp22:
@ %bb.2:
	@DEBUG_VALUE: Putchar:data <- $r4
	.loc	3 0 2                           @ serial.c:0:2
	ldr	r0, __arm_cp.2_1
	.loc	3 73 15 is_stmt 1               @ serial.c:73:15
	ldr	r1, [r0]
	movs	r2, #128
	orrs	r2, r1
	str	r2, [r0]
	.loc	3 74 1 epilogue_begin           @ serial.c:74:1
	pop	{r4, r5, r7, pc}
.Ltmp23:
	.p2align	2
@ %bb.3:
	.loc	3 0 1 is_stmt 0                 @ serial.c:0:1
__arm_cp.2_0:
	.long	.L_MergedGlobals
.Lcpi_end7:
	.size	__arm_cp.2_0, .Lcpi_end7-__arm_cp.2_0
__arm_cp.2_1:
	.long	1073821696                      @ 0x40013800
.Lcpi_end8:
	.size	__arm_cp.2_1, .Lcpi_end8-__arm_cp.2_1
.Lfunc_end2:
	.size	Putchar, .Lfunc_end2-Putchar
	.cfi_endproc
	.cantunwind
	.fnend
                                        @ -- End function
	.section	.text.PutStr,"ax",%progbits
	.hidden	PutStr                          @ -- Begin function PutStr
	.globl	PutStr
	.p2align	1
	.type	PutStr,%function
	.code	16                              @ @PutStr
	.thumb_func
PutStr:
.Lfunc_begin3:
	.loc	3 78 0 is_stmt 1                @ serial.c:78:0
	.fnstart
	.cfi_startproc
@ %bb.0:
	@DEBUG_VALUE: PutStr:string <- $r0
	.save	{r4, lr}
	push	{r4, lr}
	.cfi_def_cfa_offset 8
	.cfi_offset lr, -4
	.cfi_offset r4, -8
	mov	r4, r0
.Ltmp24:
	@DEBUG_VALUE: PutStr:string <- $r4
.LBB3_1:                                @ =>This Inner Loop Header: Depth=1
	@DEBUG_VALUE: PutStr:string <- $r4
	@DEBUG_VALUE: PutStr:string <- $r4
	.loc	3 79 15 prologue_end            @ serial.c:79:15
	cmp	r4, #0
	beq	.LBB3_4
.Ltmp25:
@ %bb.2:                                @   in Loop: Header=BB3_1 Depth=1
	@DEBUG_VALUE: PutStr:string <- $r4
	.loc	3 79 18 is_stmt 0               @ serial.c:79:18
	ldrb	r0, [r4]
	.loc	3 79 2                          @ serial.c:79:2
	cmp	r0, #0
	beq	.LBB3_4
.Ltmp26:
@ %bb.3:                                @   in Loop: Header=BB3_1 Depth=1
	@DEBUG_VALUE: PutStr:string <- $r4
	.loc	3 80 4 is_stmt 1                @ serial.c:80:4
	bl	Putchar
.Ltmp27:
	.loc	3 80 19 is_stmt 0               @ serial.c:80:19
	adds	r4, r4, #1
.Ltmp28:
	@DEBUG_VALUE: PutStr:string <- $r4
	.loc	3 0 19                          @ serial.c:0:19
	b	.LBB3_1
.Ltmp29:
.LBB3_4:
	@DEBUG_VALUE: PutStr:string <- $r4
	.loc	3 81 1 epilogue_begin is_stmt 1 @ serial.c:81:1
	pop	{r4, pc}
.Ltmp30:
.Lfunc_end3:
	.size	PutStr, .Lfunc_end3-PutStr
	.cfi_endproc
	.cantunwind
	.fnend
                                        @ -- End function
	.section	.text.Putint,"ax",%progbits
	.hidden	Putint                          @ -- Begin function Putint
	.globl	Putint
	.p2align	1
	.type	Putint,%function
	.code	16                              @ @Putint
	.thumb_func
Putint:
.Lfunc_begin4:
	.loc	3 84 0                          @ serial.c:84:0
	.fnstart
	.cfi_startproc
@ %bb.0:
	@DEBUG_VALUE: Putint:n <- $r0
	.save	{r4, lr}
	push	{r4, lr}
	.cfi_def_cfa_offset 8
	.cfi_offset lr, -4
	.cfi_offset r4, -8
	mov	r4, r0
.Ltmp31:
	@DEBUG_VALUE: Putint:n <- $r4
	.loc	3 85 6 prologue_end             @ serial.c:85:6
	cmp	r0, #10
	blo	.LBB4_2
.Ltmp32:
@ %bb.1:
	@DEBUG_VALUE: Putint:n <- $r4
	.loc	3 0 6 is_stmt 0                 @ serial.c:0:6
	movs	r1, #10
	mov	r0, r4
	bl	__aeabi_uidiv
.Ltmp33:
	.loc	3 86 5 is_stmt 1                @ serial.c:86:5
	bl	Putint
.Ltmp34:
.LBB4_2:
	@DEBUG_VALUE: Putint:n <- $r4
	.loc	3 0 5 is_stmt 0                 @ serial.c:0:5
	movs	r1, #10
	mov	r0, r4
	bl	__aeabi_uidivmod
.Ltmp35:
	movs	r0, #48
	.loc	3 87 16 is_stmt 1               @ serial.c:87:16
	orrs	r0, r1
	.loc	3 87 2 is_stmt 0                @ serial.c:87:2
	bl	Putchar
.Ltmp36:
	.loc	3 88 1 epilogue_begin is_stmt 1 @ serial.c:88:1
	pop	{r4, pc}
.Ltmp37:
.Lfunc_end4:
	.size	Putint, .Lfunc_end4-Putint
	.cfi_endproc
	.cantunwind
	.fnend
                                        @ -- End function
	.section	.text.Puthex,"ax",%progbits
	.hidden	Puthex                          @ -- Begin function Puthex
	.globl	Puthex
	.p2align	1
	.type	Puthex,%function
	.code	16                              @ @Puthex
	.thumb_func
Puthex:
.Lfunc_begin5:
	.loc	3 91 0                          @ serial.c:91:0
	.fnstart
	.cfi_startproc
@ %bb.0:
	@DEBUG_VALUE: Puthex:n <- $r0
	.save	{r4, lr}
	push	{r4, lr}
	.cfi_def_cfa_offset 8
	.cfi_offset lr, -4
	.cfi_offset r4, -8
	mov	r4, r0
.Ltmp38:
	@DEBUG_VALUE: Puthex:n <- $r4
	lsrs	r0, r0, #4
.Ltmp39:
	.loc	3 93 11 prologue_end            @ serial.c:93:11
	mov	r1, r0
	adds	r1, #48
.Ltmp40:
	@DEBUG_VALUE: Puthex:c <- $r1
	.loc	3 94 6                          @ serial.c:94:6
	cmp	r1, #57
	bhi	.LBB5_2
.Ltmp41:
@ %bb.1:
	@DEBUG_VALUE: Puthex:c <- $r1
	@DEBUG_VALUE: Puthex:n <- $r4
	.loc	3 0 6 is_stmt 0                 @ serial.c:0:6
	mov	r0, r1
	b	.LBB5_3
.Ltmp42:
.LBB5_2:
	@DEBUG_VALUE: Puthex:c <- $r1
	@DEBUG_VALUE: Puthex:n <- $r4
	adds	r0, #55
.Ltmp43:
.LBB5_3:
	@DEBUG_VALUE: Puthex:c <- $r1
	@DEBUG_VALUE: Puthex:n <- $r4
	@DEBUG_VALUE: Puthex:c <- $r0
	.loc	3 96 2 is_stmt 1                @ serial.c:96:2
	bl	Putchar
.Ltmp44:
	.loc	3 0 2 is_stmt 0                 @ serial.c:0:2
	movs	r0, #15
	.loc	3 97 6 is_stmt 1                @ serial.c:97:6
	ands	r4, r0
.Ltmp45:
	@DEBUG_VALUE: Puthex:n <- [DW_OP_LLVM_entry_value 1] $r0
	.loc	3 97 12 is_stmt 0               @ serial.c:97:12
	mov	r0, r4
	adds	r0, #48
.Ltmp46:
	@DEBUG_VALUE: Puthex:c <- $r0
	.loc	3 98 6 is_stmt 1                @ serial.c:98:6
	cmp	r0, #57
	bhi	.LBB5_5
.Ltmp47:
@ %bb.4:
	@DEBUG_VALUE: Puthex:n <- [DW_OP_LLVM_entry_value 1] $r0
	@DEBUG_VALUE: Puthex:c <- $r0
	.loc	3 0 6 is_stmt 0                 @ serial.c:0:6
	mov	r4, r0
.Ltmp48:
	@DEBUG_VALUE: Puthex:c <- $r4
	b	.LBB5_6
.Ltmp49:
.LBB5_5:
	@DEBUG_VALUE: Puthex:n <- [DW_OP_LLVM_entry_value 1] $r0
	@DEBUG_VALUE: Puthex:c <- $r0
	adds	r4, #55
.Ltmp50:
.LBB5_6:
	@DEBUG_VALUE: Puthex:n <- [DW_OP_LLVM_entry_value 1] $r0
	@DEBUG_VALUE: Puthex:c <- $r4
	.loc	3 100 2 is_stmt 1               @ serial.c:100:2
	mov	r0, r4
	bl	Putchar
.Ltmp51:
	.loc	3 101 1 epilogue_begin          @ serial.c:101:1
	pop	{r4, pc}
.Ltmp52:
.Lfunc_end5:
	.size	Puthex, .Lfunc_end5-Puthex
	.cfi_endproc
	.cantunwind
	.fnend
                                        @ -- End function
	.type	.L_MergedGlobals,%object        @ @_MergedGlobals
	.section	.data..L_MergedGlobals,"aw",%progbits
.L_MergedGlobals:
	.byte	15                              @ 0xf
	.zero	18
	.byte	63                              @ 0x3f
	.zero	66
	.size	.L_MergedGlobals, 86

	.section	.debug_loc,"",%progbits
.Ldebug_loc0:
	.long	-1
	.long	.Lfunc_begin2                   @   base address
	.long	.Lfunc_begin2-.Lfunc_begin2
	.long	.Ltmp19-.Lfunc_begin2
	.short	1                               @ Loc expr size
	.byte	80                              @ DW_OP_reg0
	.long	.Ltmp19-.Lfunc_begin2
	.long	.Ltmp23-.Lfunc_begin2
	.short	1                               @ Loc expr size
	.byte	84                              @ DW_OP_reg4
	.long	0
	.long	0
.Ldebug_loc1:
	.long	-1
	.long	.Lfunc_begin3                   @   base address
	.long	.Lfunc_begin3-.Lfunc_begin3
	.long	.Ltmp24-.Lfunc_begin3
	.short	1                               @ Loc expr size
	.byte	80                              @ DW_OP_reg0
	.long	.Ltmp24-.Lfunc_begin3
	.long	.Ltmp30-.Lfunc_begin3
	.short	1                               @ Loc expr size
	.byte	84                              @ DW_OP_reg4
	.long	0
	.long	0
.Ldebug_loc2:
	.long	-1
	.long	.Lfunc_begin4                   @   base address
	.long	.Lfunc_begin4-.Lfunc_begin4
	.long	.Ltmp31-.Lfunc_begin4
	.short	1                               @ Loc expr size
	.byte	80                              @ DW_OP_reg0
	.long	.Ltmp31-.Lfunc_begin4
	.long	.Ltmp37-.Lfunc_begin4
	.short	1                               @ Loc expr size
	.byte	84                              @ DW_OP_reg4
	.long	0
	.long	0
.Ldebug_loc3:
	.long	-1
	.long	.Lfunc_begin5                   @   base address
	.long	.Lfunc_begin5-.Lfunc_begin5
	.long	.Ltmp38-.Lfunc_begin5
	.short	1                               @ Loc expr size
	.byte	80                              @ DW_OP_reg0
	.long	.Ltmp38-.Lfunc_begin5
	.long	.Ltmp45-.Lfunc_begin5
	.short	1                               @ Loc expr size
	.byte	84                              @ DW_OP_reg4
	.long	.Ltmp45-.Lfunc_begin5
	.long	.Lfunc_end5-.Lfunc_begin5
	.short	4                               @ Loc expr size
	.byte	243                             @ DW_OP_GNU_entry_value
	.byte	1                               @ 1
	.byte	80                              @ DW_OP_reg0
	.byte	159                             @ DW_OP_stack_value
	.long	0
	.long	0
.Ldebug_loc4:
	.long	-1
	.long	.Lfunc_begin5                   @   base address
	.long	.Ltmp40-.Lfunc_begin5
	.long	.Ltmp43-.Lfunc_begin5
	.short	1                               @ Loc expr size
	.byte	81                              @ DW_OP_reg1
	.long	.Ltmp43-.Lfunc_begin5
	.long	.Ltmp44-.Lfunc_begin5
	.short	1                               @ Loc expr size
	.byte	80                              @ DW_OP_reg0
	.long	.Ltmp46-.Lfunc_begin5
	.long	.Ltmp48-.Lfunc_begin5
	.short	1                               @ Loc expr size
	.byte	80                              @ DW_OP_reg0
	.long	.Ltmp48-.Lfunc_begin5
	.long	.Ltmp49-.Lfunc_begin5
	.short	1                               @ Loc expr size
	.byte	84                              @ DW_OP_reg4
	.long	.Ltmp49-.Lfunc_begin5
	.long	.Ltmp50-.Lfunc_begin5
	.short	1                               @ Loc expr size
	.byte	80                              @ DW_OP_reg0
	.long	.Ltmp50-.Lfunc_begin5
	.long	.Ltmp52-.Lfunc_begin5
	.short	1                               @ Loc expr size
	.byte	84                              @ DW_OP_reg4
	.long	0
	.long	0
	.section	.debug_abbrev,"",%progbits
	.byte	1                               @ Abbreviation Code
	.byte	17                              @ DW_TAG_compile_unit
	.byte	1                               @ DW_CHILDREN_yes
	.byte	37                              @ DW_AT_producer
	.byte	14                              @ DW_FORM_strp
	.byte	19                              @ DW_AT_language
	.byte	5                               @ DW_FORM_data2
	.byte	3                               @ DW_AT_name
	.byte	14                              @ DW_FORM_strp
	.byte	16                              @ DW_AT_stmt_list
	.byte	23                              @ DW_FORM_sec_offset
	.byte	27                              @ DW_AT_comp_dir
	.byte	14                              @ DW_FORM_strp
	.byte	17                              @ DW_AT_low_pc
	.byte	1                               @ DW_FORM_addr
	.byte	85                              @ DW_AT_ranges
	.byte	23                              @ DW_FORM_sec_offset
	.byte	0                               @ EOM(1)
	.byte	0                               @ EOM(2)
	.byte	2                               @ Abbreviation Code
	.byte	52                              @ DW_TAG_variable
	.byte	0                               @ DW_CHILDREN_no
	.byte	3                               @ DW_AT_name
	.byte	14                              @ DW_FORM_strp
	.byte	73                              @ DW_AT_type
	.byte	19                              @ DW_FORM_ref4
	.byte	63                              @ DW_AT_external
	.byte	25                              @ DW_FORM_flag_present
	.byte	58                              @ DW_AT_decl_file
	.byte	11                              @ DW_FORM_data1
	.byte	59                              @ DW_AT_decl_line
	.byte	11                              @ DW_FORM_data1
	.byte	2                               @ DW_AT_location
	.byte	24                              @ DW_FORM_exprloc
	.byte	0                               @ EOM(1)
	.byte	0                               @ EOM(2)
	.byte	3                               @ Abbreviation Code
	.byte	1                               @ DW_TAG_array_type
	.byte	1                               @ DW_CHILDREN_yes
	.byte	73                              @ DW_AT_type
	.byte	19                              @ DW_FORM_ref4
	.byte	0                               @ EOM(1)
	.byte	0                               @ EOM(2)
	.byte	4                               @ Abbreviation Code
	.byte	33                              @ DW_TAG_subrange_type
	.byte	0                               @ DW_CHILDREN_no
	.byte	73                              @ DW_AT_type
	.byte	19                              @ DW_FORM_ref4
	.byte	55                              @ DW_AT_count
	.byte	11                              @ DW_FORM_data1
	.byte	0                               @ EOM(1)
	.byte	0                               @ EOM(2)
	.byte	5                               @ Abbreviation Code
	.byte	22                              @ DW_TAG_typedef
	.byte	0                               @ DW_CHILDREN_no
	.byte	73                              @ DW_AT_type
	.byte	19                              @ DW_FORM_ref4
	.byte	3                               @ DW_AT_name
	.byte	14                              @ DW_FORM_strp
	.byte	58                              @ DW_AT_decl_file
	.byte	11                              @ DW_FORM_data1
	.byte	59                              @ DW_AT_decl_line
	.byte	11                              @ DW_FORM_data1
	.byte	0                               @ EOM(1)
	.byte	0                               @ EOM(2)
	.byte	6                               @ Abbreviation Code
	.byte	36                              @ DW_TAG_base_type
	.byte	0                               @ DW_CHILDREN_no
	.byte	3                               @ DW_AT_name
	.byte	14                              @ DW_FORM_strp
	.byte	62                              @ DW_AT_encoding
	.byte	11                              @ DW_FORM_data1
	.byte	11                              @ DW_AT_byte_size
	.byte	11                              @ DW_FORM_data1
	.byte	0                               @ EOM(1)
	.byte	0                               @ EOM(2)
	.byte	7                               @ Abbreviation Code
	.byte	36                              @ DW_TAG_base_type
	.byte	0                               @ DW_CHILDREN_no
	.byte	3                               @ DW_AT_name
	.byte	14                              @ DW_FORM_strp
	.byte	11                              @ DW_AT_byte_size
	.byte	11                              @ DW_FORM_data1
	.byte	62                              @ DW_AT_encoding
	.byte	11                              @ DW_FORM_data1
	.byte	0                               @ EOM(1)
	.byte	0                               @ EOM(2)
	.byte	8                               @ Abbreviation Code
	.byte	4                               @ DW_TAG_enumeration_type
	.byte	1                               @ DW_CHILDREN_yes
	.byte	73                              @ DW_AT_type
	.byte	19                              @ DW_FORM_ref4
	.byte	3                               @ DW_AT_name
	.byte	14                              @ DW_FORM_strp
	.byte	11                              @ DW_AT_byte_size
	.byte	11                              @ DW_FORM_data1
	.byte	58                              @ DW_AT_decl_file
	.byte	11                              @ DW_FORM_data1
	.byte	59                              @ DW_AT_decl_line
	.byte	11                              @ DW_FORM_data1
	.byte	0                               @ EOM(1)
	.byte	0                               @ EOM(2)
	.byte	9                               @ Abbreviation Code
	.byte	40                              @ DW_TAG_enumerator
	.byte	0                               @ DW_CHILDREN_no
	.byte	3                               @ DW_AT_name
	.byte	14                              @ DW_FORM_strp
	.byte	28                              @ DW_AT_const_value
	.byte	13                              @ DW_FORM_sdata
	.byte	0                               @ EOM(1)
	.byte	0                               @ EOM(2)
	.byte	10                              @ Abbreviation Code
	.byte	15                              @ DW_TAG_pointer_type
	.byte	0                               @ DW_CHILDREN_no
	.byte	73                              @ DW_AT_type
	.byte	19                              @ DW_FORM_ref4
	.byte	0                               @ EOM(1)
	.byte	0                               @ EOM(2)
	.byte	11                              @ Abbreviation Code
	.byte	22                              @ DW_TAG_typedef
	.byte	0                               @ DW_CHILDREN_no
	.byte	73                              @ DW_AT_type
	.byte	19                              @ DW_FORM_ref4
	.byte	3                               @ DW_AT_name
	.byte	14                              @ DW_FORM_strp
	.byte	58                              @ DW_AT_decl_file
	.byte	11                              @ DW_FORM_data1
	.byte	59                              @ DW_AT_decl_line
	.byte	5                               @ DW_FORM_data2
	.byte	0                               @ EOM(1)
	.byte	0                               @ EOM(2)
	.byte	12                              @ Abbreviation Code
	.byte	19                              @ DW_TAG_structure_type
	.byte	1                               @ DW_CHILDREN_yes
	.byte	11                              @ DW_AT_byte_size
	.byte	11                              @ DW_FORM_data1
	.byte	58                              @ DW_AT_decl_file
	.byte	11                              @ DW_FORM_data1
	.byte	59                              @ DW_AT_decl_line
	.byte	5                               @ DW_FORM_data2
	.byte	0                               @ EOM(1)
	.byte	0                               @ EOM(2)
	.byte	13                              @ Abbreviation Code
	.byte	13                              @ DW_TAG_member
	.byte	0                               @ DW_CHILDREN_no
	.byte	3                               @ DW_AT_name
	.byte	14                              @ DW_FORM_strp
	.byte	73                              @ DW_AT_type
	.byte	19                              @ DW_FORM_ref4
	.byte	58                              @ DW_AT_decl_file
	.byte	11                              @ DW_FORM_data1
	.byte	59                              @ DW_AT_decl_line
	.byte	5                               @ DW_FORM_data2
	.byte	56                              @ DW_AT_data_member_location
	.byte	11                              @ DW_FORM_data1
	.byte	0                               @ EOM(1)
	.byte	0                               @ EOM(2)
	.byte	14                              @ Abbreviation Code
	.byte	53                              @ DW_TAG_volatile_type
	.byte	0                               @ DW_CHILDREN_no
	.byte	73                              @ DW_AT_type
	.byte	19                              @ DW_FORM_ref4
	.byte	0                               @ EOM(1)
	.byte	0                               @ EOM(2)
	.byte	15                              @ Abbreviation Code
	.byte	19                              @ DW_TAG_structure_type
	.byte	1                               @ DW_CHILDREN_yes
	.byte	11                              @ DW_AT_byte_size
	.byte	11                              @ DW_FORM_data1
	.byte	58                              @ DW_AT_decl_file
	.byte	11                              @ DW_FORM_data1
	.byte	59                              @ DW_AT_decl_line
	.byte	11                              @ DW_FORM_data1
	.byte	0                               @ EOM(1)
	.byte	0                               @ EOM(2)
	.byte	16                              @ Abbreviation Code
	.byte	13                              @ DW_TAG_member
	.byte	0                               @ DW_CHILDREN_no
	.byte	3                               @ DW_AT_name
	.byte	14                              @ DW_FORM_strp
	.byte	73                              @ DW_AT_type
	.byte	19                              @ DW_FORM_ref4
	.byte	58                              @ DW_AT_decl_file
	.byte	11                              @ DW_FORM_data1
	.byte	59                              @ DW_AT_decl_line
	.byte	11                              @ DW_FORM_data1
	.byte	56                              @ DW_AT_data_member_location
	.byte	11                              @ DW_FORM_data1
	.byte	0                               @ EOM(1)
	.byte	0                               @ EOM(2)
	.byte	17                              @ Abbreviation Code
	.byte	38                              @ DW_TAG_const_type
	.byte	0                               @ DW_CHILDREN_no
	.byte	73                              @ DW_AT_type
	.byte	19                              @ DW_FORM_ref4
	.byte	0                               @ EOM(1)
	.byte	0                               @ EOM(2)
	.byte	18                              @ Abbreviation Code
	.byte	19                              @ DW_TAG_structure_type
	.byte	1                               @ DW_CHILDREN_yes
	.byte	11                              @ DW_AT_byte_size
	.byte	5                               @ DW_FORM_data2
	.byte	58                              @ DW_AT_decl_file
	.byte	11                              @ DW_FORM_data1
	.byte	59                              @ DW_AT_decl_line
	.byte	5                               @ DW_FORM_data2
	.byte	0                               @ EOM(1)
	.byte	0                               @ EOM(2)
	.byte	19                              @ Abbreviation Code
	.byte	13                              @ DW_TAG_member
	.byte	0                               @ DW_CHILDREN_no
	.byte	3                               @ DW_AT_name
	.byte	14                              @ DW_FORM_strp
	.byte	73                              @ DW_AT_type
	.byte	19                              @ DW_FORM_ref4
	.byte	58                              @ DW_AT_decl_file
	.byte	11                              @ DW_FORM_data1
	.byte	59                              @ DW_AT_decl_line
	.byte	5                               @ DW_FORM_data2
	.byte	56                              @ DW_AT_data_member_location
	.byte	5                               @ DW_FORM_data2
	.byte	0                               @ EOM(1)
	.byte	0                               @ EOM(2)
	.byte	20                              @ Abbreviation Code
	.byte	46                              @ DW_TAG_subprogram
	.byte	1                               @ DW_CHILDREN_yes
	.byte	3                               @ DW_AT_name
	.byte	14                              @ DW_FORM_strp
	.byte	58                              @ DW_AT_decl_file
	.byte	11                              @ DW_FORM_data1
	.byte	59                              @ DW_AT_decl_line
	.byte	5                               @ DW_FORM_data2
	.byte	39                              @ DW_AT_prototyped
	.byte	25                              @ DW_FORM_flag_present
	.byte	32                              @ DW_AT_inline
	.byte	11                              @ DW_FORM_data1
	.byte	0                               @ EOM(1)
	.byte	0                               @ EOM(2)
	.byte	21                              @ Abbreviation Code
	.byte	5                               @ DW_TAG_formal_parameter
	.byte	0                               @ DW_CHILDREN_no
	.byte	3                               @ DW_AT_name
	.byte	14                              @ DW_FORM_strp
	.byte	58                              @ DW_AT_decl_file
	.byte	11                              @ DW_FORM_data1
	.byte	59                              @ DW_AT_decl_line
	.byte	5                               @ DW_FORM_data2
	.byte	73                              @ DW_AT_type
	.byte	19                              @ DW_FORM_ref4
	.byte	0                               @ EOM(1)
	.byte	0                               @ EOM(2)
	.byte	22                              @ Abbreviation Code
	.byte	46                              @ DW_TAG_subprogram
	.byte	1                               @ DW_CHILDREN_yes
	.byte	17                              @ DW_AT_low_pc
	.byte	1                               @ DW_FORM_addr
	.byte	18                              @ DW_AT_high_pc
	.byte	6                               @ DW_FORM_data4
	.byte	64                              @ DW_AT_frame_base
	.byte	24                              @ DW_FORM_exprloc
	.ascii	"\227B"                         @ DW_AT_GNU_all_call_sites
	.byte	25                              @ DW_FORM_flag_present
	.byte	3                               @ DW_AT_name
	.byte	14                              @ DW_FORM_strp
	.byte	58                              @ DW_AT_decl_file
	.byte	11                              @ DW_FORM_data1
	.byte	59                              @ DW_AT_decl_line
	.byte	11                              @ DW_FORM_data1
	.byte	39                              @ DW_AT_prototyped
	.byte	25                              @ DW_FORM_flag_present
	.byte	63                              @ DW_AT_external
	.byte	25                              @ DW_FORM_flag_present
	.byte	0                               @ EOM(1)
	.byte	0                               @ EOM(2)
	.byte	23                              @ Abbreviation Code
	.byte	29                              @ DW_TAG_inlined_subroutine
	.byte	1                               @ DW_CHILDREN_yes
	.byte	49                              @ DW_AT_abstract_origin
	.byte	19                              @ DW_FORM_ref4
	.byte	17                              @ DW_AT_low_pc
	.byte	1                               @ DW_FORM_addr
	.byte	18                              @ DW_AT_high_pc
	.byte	6                               @ DW_FORM_data4
	.byte	88                              @ DW_AT_call_file
	.byte	11                              @ DW_FORM_data1
	.byte	89                              @ DW_AT_call_line
	.byte	11                              @ DW_FORM_data1
	.byte	87                              @ DW_AT_call_column
	.byte	11                              @ DW_FORM_data1
	.byte	0                               @ EOM(1)
	.byte	0                               @ EOM(2)
	.byte	24                              @ Abbreviation Code
	.byte	5                               @ DW_TAG_formal_parameter
	.byte	0                               @ DW_CHILDREN_no
	.byte	28                              @ DW_AT_const_value
	.byte	13                              @ DW_FORM_sdata
	.byte	49                              @ DW_AT_abstract_origin
	.byte	19                              @ DW_FORM_ref4
	.byte	0                               @ EOM(1)
	.byte	0                               @ EOM(2)
	.byte	25                              @ Abbreviation Code
	.byte	5                               @ DW_TAG_formal_parameter
	.byte	0                               @ DW_CHILDREN_no
	.byte	28                              @ DW_AT_const_value
	.byte	15                              @ DW_FORM_udata
	.byte	49                              @ DW_AT_abstract_origin
	.byte	19                              @ DW_FORM_ref4
	.byte	0                               @ EOM(1)
	.byte	0                               @ EOM(2)
	.byte	26                              @ Abbreviation Code
	.byte	11                              @ DW_TAG_lexical_block
	.byte	1                               @ DW_CHILDREN_yes
	.byte	85                              @ DW_AT_ranges
	.byte	23                              @ DW_FORM_sec_offset
	.byte	0                               @ EOM(1)
	.byte	0                               @ EOM(2)
	.byte	27                              @ Abbreviation Code
	.byte	52                              @ DW_TAG_variable
	.byte	0                               @ DW_CHILDREN_no
	.byte	2                               @ DW_AT_location
	.byte	24                              @ DW_FORM_exprloc
	.byte	3                               @ DW_AT_name
	.byte	14                              @ DW_FORM_strp
	.byte	58                              @ DW_AT_decl_file
	.byte	11                              @ DW_FORM_data1
	.byte	59                              @ DW_AT_decl_line
	.byte	11                              @ DW_FORM_data1
	.byte	73                              @ DW_AT_type
	.byte	19                              @ DW_FORM_ref4
	.byte	0                               @ EOM(1)
	.byte	0                               @ EOM(2)
	.byte	28                              @ Abbreviation Code
	.byte	5                               @ DW_TAG_formal_parameter
	.byte	0                               @ DW_CHILDREN_no
	.byte	2                               @ DW_AT_location
	.byte	23                              @ DW_FORM_sec_offset
	.byte	3                               @ DW_AT_name
	.byte	14                              @ DW_FORM_strp
	.byte	58                              @ DW_AT_decl_file
	.byte	11                              @ DW_FORM_data1
	.byte	59                              @ DW_AT_decl_line
	.byte	11                              @ DW_FORM_data1
	.byte	73                              @ DW_AT_type
	.byte	19                              @ DW_FORM_ref4
	.byte	0                               @ EOM(1)
	.byte	0                               @ EOM(2)
	.byte	29                              @ Abbreviation Code
	.byte	52                              @ DW_TAG_variable
	.byte	0                               @ DW_CHILDREN_no
	.byte	2                               @ DW_AT_location
	.byte	23                              @ DW_FORM_sec_offset
	.byte	3                               @ DW_AT_name
	.byte	14                              @ DW_FORM_strp
	.byte	58                              @ DW_AT_decl_file
	.byte	11                              @ DW_FORM_data1
	.byte	59                              @ DW_AT_decl_line
	.byte	11                              @ DW_FORM_data1
	.byte	73                              @ DW_AT_type
	.byte	19                              @ DW_FORM_ref4
	.byte	0                               @ EOM(1)
	.byte	0                               @ EOM(2)
	.byte	0                               @ EOM(3)
	.section	.debug_info,"",%progbits
.Lcu_begin0:
	.long	.Ldebug_info_end0-.Ldebug_info_start0 @ Length of Unit
.Ldebug_info_start0:
	.short	4                               @ DWARF version number
	.long	.debug_abbrev                   @ Offset Into Abbrev. Section
	.byte	4                               @ Address Size (in bytes)
	.byte	1                               @ Abbrev [1] 0xb:0x62a DW_TAG_compile_unit
	.long	.Linfo_string0                  @ DW_AT_producer
	.short	12                              @ DW_AT_language
	.long	.Linfo_string1                  @ DW_AT_name
	.long	.Lline_table_start0             @ DW_AT_stmt_list
	.long	.Linfo_string2                  @ DW_AT_comp_dir
	.long	0                               @ DW_AT_low_pc
	.long	.Ldebug_ranges1                 @ DW_AT_ranges
	.byte	2                               @ Abbrev [2] 0x26:0x13 DW_TAG_variable
	.long	.Linfo_string3                  @ DW_AT_name
	.long	57                              @ DW_AT_type
                                        @ DW_AT_external
	.byte	3                               @ DW_AT_decl_file
	.byte	29                              @ DW_AT_decl_line
	.byte	7                               @ DW_AT_location
	.byte	3
	.long	.L_MergedGlobals
	.byte	35
	.byte	19
	.byte	3                               @ Abbrev [3] 0x39:0xc DW_TAG_array_type
	.long	69                              @ DW_AT_type
	.byte	4                               @ Abbrev [4] 0x3e:0x6 DW_TAG_subrange_type
	.long	98                              @ DW_AT_type
	.byte	67                              @ DW_AT_count
	.byte	0                               @ End Of Children Mark
	.byte	5                               @ Abbrev [5] 0x45:0xb DW_TAG_typedef
	.long	80                              @ DW_AT_type
	.long	.Linfo_string6                  @ DW_AT_name
	.byte	2                               @ DW_AT_decl_file
	.byte	30                              @ DW_AT_decl_line
	.byte	5                               @ Abbrev [5] 0x50:0xb DW_TAG_typedef
	.long	91                              @ DW_AT_type
	.long	.Linfo_string5                  @ DW_AT_name
	.byte	1                               @ DW_AT_decl_file
	.byte	62                              @ DW_AT_decl_line
	.byte	6                               @ Abbrev [6] 0x5b:0x7 DW_TAG_base_type
	.long	.Linfo_string4                  @ DW_AT_name
	.byte	8                               @ DW_AT_encoding
	.byte	1                               @ DW_AT_byte_size
	.byte	7                               @ Abbrev [7] 0x62:0x7 DW_TAG_base_type
	.long	.Linfo_string7                  @ DW_AT_name
	.byte	8                               @ DW_AT_byte_size
	.byte	7                               @ DW_AT_encoding
	.byte	2                               @ Abbrev [2] 0x69:0x11 DW_TAG_variable
	.long	.Linfo_string8                  @ DW_AT_name
	.long	122                             @ DW_AT_type
                                        @ DW_AT_external
	.byte	3                               @ DW_AT_decl_file
	.byte	30                              @ DW_AT_decl_line
	.byte	5                               @ DW_AT_location
	.byte	3
	.long	.L_MergedGlobals
	.byte	3                               @ Abbrev [3] 0x7a:0xc DW_TAG_array_type
	.long	69                              @ DW_AT_type
	.byte	4                               @ Abbrev [4] 0x7f:0x6 DW_TAG_subrange_type
	.long	98                              @ DW_AT_type
	.byte	19                              @ DW_AT_count
	.byte	0                               @ End Of Children Mark
	.byte	8                               @ Abbrev [8] 0x86:0xbb DW_TAG_enumeration_type
	.long	321                             @ DW_AT_type
	.long	.Linfo_string39                 @ DW_AT_name
	.byte	1                               @ DW_AT_byte_size
	.byte	4                               @ DW_AT_decl_file
	.byte	199                             @ DW_AT_decl_line
	.byte	9                               @ Abbrev [9] 0x92:0x6 DW_TAG_enumerator
	.long	.Linfo_string10                 @ DW_AT_name
	.byte	114                             @ DW_AT_const_value
	.byte	9                               @ Abbrev [9] 0x98:0x6 DW_TAG_enumerator
	.long	.Linfo_string11                 @ DW_AT_name
	.byte	115                             @ DW_AT_const_value
	.byte	9                               @ Abbrev [9] 0x9e:0x6 DW_TAG_enumerator
	.long	.Linfo_string12                 @ DW_AT_name
	.byte	123                             @ DW_AT_const_value
	.byte	9                               @ Abbrev [9] 0xa4:0x6 DW_TAG_enumerator
	.long	.Linfo_string13                 @ DW_AT_name
	.byte	126                             @ DW_AT_const_value
	.byte	9                               @ Abbrev [9] 0xaa:0x6 DW_TAG_enumerator
	.long	.Linfo_string14                 @ DW_AT_name
	.byte	127                             @ DW_AT_const_value
	.byte	9                               @ Abbrev [9] 0xb0:0x6 DW_TAG_enumerator
	.long	.Linfo_string15                 @ DW_AT_name
	.byte	0                               @ DW_AT_const_value
	.byte	9                               @ Abbrev [9] 0xb6:0x6 DW_TAG_enumerator
	.long	.Linfo_string16                 @ DW_AT_name
	.byte	2                               @ DW_AT_const_value
	.byte	9                               @ Abbrev [9] 0xbc:0x6 DW_TAG_enumerator
	.long	.Linfo_string17                 @ DW_AT_name
	.byte	3                               @ DW_AT_const_value
	.byte	9                               @ Abbrev [9] 0xc2:0x6 DW_TAG_enumerator
	.long	.Linfo_string18                 @ DW_AT_name
	.byte	4                               @ DW_AT_const_value
	.byte	9                               @ Abbrev [9] 0xc8:0x6 DW_TAG_enumerator
	.long	.Linfo_string19                 @ DW_AT_name
	.byte	5                               @ DW_AT_const_value
	.byte	9                               @ Abbrev [9] 0xce:0x6 DW_TAG_enumerator
	.long	.Linfo_string20                 @ DW_AT_name
	.byte	6                               @ DW_AT_const_value
	.byte	9                               @ Abbrev [9] 0xd4:0x6 DW_TAG_enumerator
	.long	.Linfo_string21                 @ DW_AT_name
	.byte	7                               @ DW_AT_const_value
	.byte	9                               @ Abbrev [9] 0xda:0x6 DW_TAG_enumerator
	.long	.Linfo_string22                 @ DW_AT_name
	.byte	9                               @ DW_AT_const_value
	.byte	9                               @ Abbrev [9] 0xe0:0x6 DW_TAG_enumerator
	.long	.Linfo_string23                 @ DW_AT_name
	.byte	10                              @ DW_AT_const_value
	.byte	9                               @ Abbrev [9] 0xe6:0x6 DW_TAG_enumerator
	.long	.Linfo_string24                 @ DW_AT_name
	.byte	11                              @ DW_AT_const_value
	.byte	9                               @ Abbrev [9] 0xec:0x6 DW_TAG_enumerator
	.long	.Linfo_string25                 @ DW_AT_name
	.byte	12                              @ DW_AT_const_value
	.byte	9                               @ Abbrev [9] 0xf2:0x6 DW_TAG_enumerator
	.long	.Linfo_string26                 @ DW_AT_name
	.byte	13                              @ DW_AT_const_value
	.byte	9                               @ Abbrev [9] 0xf8:0x6 DW_TAG_enumerator
	.long	.Linfo_string27                 @ DW_AT_name
	.byte	14                              @ DW_AT_const_value
	.byte	9                               @ Abbrev [9] 0xfe:0x6 DW_TAG_enumerator
	.long	.Linfo_string28                 @ DW_AT_name
	.byte	16                              @ DW_AT_const_value
	.byte	9                               @ Abbrev [9] 0x104:0x6 DW_TAG_enumerator
	.long	.Linfo_string29                 @ DW_AT_name
	.byte	19                              @ DW_AT_const_value
	.byte	9                               @ Abbrev [9] 0x10a:0x6 DW_TAG_enumerator
	.long	.Linfo_string30                 @ DW_AT_name
	.byte	20                              @ DW_AT_const_value
	.byte	9                               @ Abbrev [9] 0x110:0x6 DW_TAG_enumerator
	.long	.Linfo_string31                 @ DW_AT_name
	.byte	21                              @ DW_AT_const_value
	.byte	9                               @ Abbrev [9] 0x116:0x6 DW_TAG_enumerator
	.long	.Linfo_string32                 @ DW_AT_name
	.byte	22                              @ DW_AT_const_value
	.byte	9                               @ Abbrev [9] 0x11c:0x6 DW_TAG_enumerator
	.long	.Linfo_string33                 @ DW_AT_name
	.byte	23                              @ DW_AT_const_value
	.byte	9                               @ Abbrev [9] 0x122:0x6 DW_TAG_enumerator
	.long	.Linfo_string34                 @ DW_AT_name
	.byte	24                              @ DW_AT_const_value
	.byte	9                               @ Abbrev [9] 0x128:0x6 DW_TAG_enumerator
	.long	.Linfo_string35                 @ DW_AT_name
	.byte	25                              @ DW_AT_const_value
	.byte	9                               @ Abbrev [9] 0x12e:0x6 DW_TAG_enumerator
	.long	.Linfo_string36                 @ DW_AT_name
	.byte	26                              @ DW_AT_const_value
	.byte	9                               @ Abbrev [9] 0x134:0x6 DW_TAG_enumerator
	.long	.Linfo_string37                 @ DW_AT_name
	.byte	27                              @ DW_AT_const_value
	.byte	9                               @ Abbrev [9] 0x13a:0x6 DW_TAG_enumerator
	.long	.Linfo_string38                 @ DW_AT_name
	.byte	28                              @ DW_AT_const_value
	.byte	0                               @ End Of Children Mark
	.byte	6                               @ Abbrev [6] 0x141:0x7 DW_TAG_base_type
	.long	.Linfo_string9                  @ DW_AT_name
	.byte	6                               @ DW_AT_encoding
	.byte	1                               @ DW_AT_byte_size
	.byte	5                               @ Abbrev [5] 0x148:0xb DW_TAG_typedef
	.long	339                             @ DW_AT_type
	.long	.Linfo_string41                 @ DW_AT_name
	.byte	1                               @ DW_AT_decl_file
	.byte	64                              @ DW_AT_decl_line
	.byte	6                               @ Abbrev [6] 0x153:0x7 DW_TAG_base_type
	.long	.Linfo_string40                 @ DW_AT_name
	.byte	7                               @ DW_AT_encoding
	.byte	4                               @ DW_AT_byte_size
	.byte	10                              @ Abbrev [10] 0x15a:0x5 DW_TAG_pointer_type
	.long	351                             @ DW_AT_type
	.byte	11                              @ Abbrev [11] 0x15f:0xc DW_TAG_typedef
	.long	363                             @ DW_AT_type
	.long	.Linfo_string56                 @ DW_AT_name
	.byte	4                               @ DW_AT_decl_file
	.short	709                             @ DW_AT_decl_line
	.byte	12                              @ Abbrev [12] 0x16b:0xbc DW_TAG_structure_type
	.byte	56                              @ DW_AT_byte_size
	.byte	4                               @ DW_AT_decl_file
	.short	693                             @ DW_AT_decl_line
	.byte	13                              @ Abbrev [13] 0x170:0xd DW_TAG_member
	.long	.Linfo_string42                 @ DW_AT_name
	.long	551                             @ DW_AT_type
	.byte	4                               @ DW_AT_decl_file
	.short	695                             @ DW_AT_decl_line
	.byte	0                               @ DW_AT_data_member_location
	.byte	13                              @ Abbrev [13] 0x17d:0xd DW_TAG_member
	.long	.Linfo_string43                 @ DW_AT_name
	.long	551                             @ DW_AT_type
	.byte	4                               @ DW_AT_decl_file
	.short	696                             @ DW_AT_decl_line
	.byte	4                               @ DW_AT_data_member_location
	.byte	13                              @ Abbrev [13] 0x18a:0xd DW_TAG_member
	.long	.Linfo_string44                 @ DW_AT_name
	.long	551                             @ DW_AT_type
	.byte	4                               @ DW_AT_decl_file
	.short	697                             @ DW_AT_decl_line
	.byte	8                               @ DW_AT_data_member_location
	.byte	13                              @ Abbrev [13] 0x197:0xd DW_TAG_member
	.long	.Linfo_string45                 @ DW_AT_name
	.long	551                             @ DW_AT_type
	.byte	4                               @ DW_AT_decl_file
	.short	698                             @ DW_AT_decl_line
	.byte	12                              @ DW_AT_data_member_location
	.byte	13                              @ Abbrev [13] 0x1a4:0xd DW_TAG_member
	.long	.Linfo_string46                 @ DW_AT_name
	.long	551                             @ DW_AT_type
	.byte	4                               @ DW_AT_decl_file
	.short	699                             @ DW_AT_decl_line
	.byte	16                              @ DW_AT_data_member_location
	.byte	13                              @ Abbrev [13] 0x1b1:0xd DW_TAG_member
	.long	.Linfo_string47                 @ DW_AT_name
	.long	551                             @ DW_AT_type
	.byte	4                               @ DW_AT_decl_file
	.short	700                             @ DW_AT_decl_line
	.byte	20                              @ DW_AT_data_member_location
	.byte	13                              @ Abbrev [13] 0x1be:0xd DW_TAG_member
	.long	.Linfo_string48                 @ DW_AT_name
	.long	551                             @ DW_AT_type
	.byte	4                               @ DW_AT_decl_file
	.short	701                             @ DW_AT_decl_line
	.byte	24                              @ DW_AT_data_member_location
	.byte	13                              @ Abbrev [13] 0x1cb:0xd DW_TAG_member
	.long	.Linfo_string49                 @ DW_AT_name
	.long	551                             @ DW_AT_type
	.byte	4                               @ DW_AT_decl_file
	.short	702                             @ DW_AT_decl_line
	.byte	28                              @ DW_AT_data_member_location
	.byte	13                              @ Abbrev [13] 0x1d8:0xd DW_TAG_member
	.long	.Linfo_string50                 @ DW_AT_name
	.long	551                             @ DW_AT_type
	.byte	4                               @ DW_AT_decl_file
	.short	703                             @ DW_AT_decl_line
	.byte	32                              @ DW_AT_data_member_location
	.byte	13                              @ Abbrev [13] 0x1e5:0xd DW_TAG_member
	.long	.Linfo_string51                 @ DW_AT_name
	.long	551                             @ DW_AT_type
	.byte	4                               @ DW_AT_decl_file
	.short	704                             @ DW_AT_decl_line
	.byte	36                              @ DW_AT_data_member_location
	.byte	13                              @ Abbrev [13] 0x1f2:0xd DW_TAG_member
	.long	.Linfo_string52                 @ DW_AT_name
	.long	551                             @ DW_AT_type
	.byte	4                               @ DW_AT_decl_file
	.short	705                             @ DW_AT_decl_line
	.byte	40                              @ DW_AT_data_member_location
	.byte	13                              @ Abbrev [13] 0x1ff:0xd DW_TAG_member
	.long	.Linfo_string53                 @ DW_AT_name
	.long	551                             @ DW_AT_type
	.byte	4                               @ DW_AT_decl_file
	.short	706                             @ DW_AT_decl_line
	.byte	44                              @ DW_AT_data_member_location
	.byte	13                              @ Abbrev [13] 0x20c:0xd DW_TAG_member
	.long	.Linfo_string54                 @ DW_AT_name
	.long	551                             @ DW_AT_type
	.byte	4                               @ DW_AT_decl_file
	.short	707                             @ DW_AT_decl_line
	.byte	48                              @ DW_AT_data_member_location
	.byte	13                              @ Abbrev [13] 0x219:0xd DW_TAG_member
	.long	.Linfo_string55                 @ DW_AT_name
	.long	551                             @ DW_AT_type
	.byte	4                               @ DW_AT_decl_file
	.short	708                             @ DW_AT_decl_line
	.byte	52                              @ DW_AT_data_member_location
	.byte	0                               @ End Of Children Mark
	.byte	14                              @ Abbrev [14] 0x227:0x5 DW_TAG_volatile_type
	.long	328                             @ DW_AT_type
	.byte	10                              @ Abbrev [10] 0x22c:0x5 DW_TAG_pointer_type
	.long	561                             @ DW_AT_type
	.byte	11                              @ Abbrev [11] 0x231:0xc DW_TAG_typedef
	.long	573                             @ DW_AT_type
	.long	.Linfo_string74                 @ DW_AT_name
	.byte	4                               @ DW_AT_decl_file
	.short	860                             @ DW_AT_decl_line
	.byte	12                              @ Abbrev [12] 0x23d:0xd6 DW_TAG_structure_type
	.byte	44                              @ DW_AT_byte_size
	.byte	4                               @ DW_AT_decl_file
	.short	842                             @ DW_AT_decl_line
	.byte	13                              @ Abbrev [13] 0x242:0xd DW_TAG_member
	.long	.Linfo_string57                 @ DW_AT_name
	.long	551                             @ DW_AT_type
	.byte	4                               @ DW_AT_decl_file
	.short	844                             @ DW_AT_decl_line
	.byte	0                               @ DW_AT_data_member_location
	.byte	13                              @ Abbrev [13] 0x24f:0xd DW_TAG_member
	.long	.Linfo_string55                 @ DW_AT_name
	.long	551                             @ DW_AT_type
	.byte	4                               @ DW_AT_decl_file
	.short	845                             @ DW_AT_decl_line
	.byte	4                               @ DW_AT_data_member_location
	.byte	13                              @ Abbrev [13] 0x25c:0xd DW_TAG_member
	.long	.Linfo_string58                 @ DW_AT_name
	.long	551                             @ DW_AT_type
	.byte	4                               @ DW_AT_decl_file
	.short	846                             @ DW_AT_decl_line
	.byte	8                               @ DW_AT_data_member_location
	.byte	13                              @ Abbrev [13] 0x269:0xd DW_TAG_member
	.long	.Linfo_string59                 @ DW_AT_name
	.long	787                             @ DW_AT_type
	.byte	4                               @ DW_AT_decl_file
	.short	847                             @ DW_AT_decl_line
	.byte	12                              @ DW_AT_data_member_location
	.byte	13                              @ Abbrev [13] 0x276:0xd DW_TAG_member
	.long	.Linfo_string62                 @ DW_AT_name
	.long	792                             @ DW_AT_type
	.byte	4                               @ DW_AT_decl_file
	.short	848                             @ DW_AT_decl_line
	.byte	14                              @ DW_AT_data_member_location
	.byte	13                              @ Abbrev [13] 0x283:0xd DW_TAG_member
	.long	.Linfo_string63                 @ DW_AT_name
	.long	787                             @ DW_AT_type
	.byte	4                               @ DW_AT_decl_file
	.short	849                             @ DW_AT_decl_line
	.byte	16                              @ DW_AT_data_member_location
	.byte	13                              @ Abbrev [13] 0x290:0xd DW_TAG_member
	.long	.Linfo_string64                 @ DW_AT_name
	.long	792                             @ DW_AT_type
	.byte	4                               @ DW_AT_decl_file
	.short	850                             @ DW_AT_decl_line
	.byte	18                              @ DW_AT_data_member_location
	.byte	13                              @ Abbrev [13] 0x29d:0xd DW_TAG_member
	.long	.Linfo_string65                 @ DW_AT_name
	.long	551                             @ DW_AT_type
	.byte	4                               @ DW_AT_decl_file
	.short	851                             @ DW_AT_decl_line
	.byte	20                              @ DW_AT_data_member_location
	.byte	13                              @ Abbrev [13] 0x2aa:0xd DW_TAG_member
	.long	.Linfo_string66                 @ DW_AT_name
	.long	787                             @ DW_AT_type
	.byte	4                               @ DW_AT_decl_file
	.short	852                             @ DW_AT_decl_line
	.byte	24                              @ DW_AT_data_member_location
	.byte	13                              @ Abbrev [13] 0x2b7:0xd DW_TAG_member
	.long	.Linfo_string67                 @ DW_AT_name
	.long	792                             @ DW_AT_type
	.byte	4                               @ DW_AT_decl_file
	.short	853                             @ DW_AT_decl_line
	.byte	26                              @ DW_AT_data_member_location
	.byte	13                              @ Abbrev [13] 0x2c4:0xd DW_TAG_member
	.long	.Linfo_string68                 @ DW_AT_name
	.long	551                             @ DW_AT_type
	.byte	4                               @ DW_AT_decl_file
	.short	854                             @ DW_AT_decl_line
	.byte	28                              @ DW_AT_data_member_location
	.byte	13                              @ Abbrev [13] 0x2d1:0xd DW_TAG_member
	.long	.Linfo_string69                 @ DW_AT_name
	.long	551                             @ DW_AT_type
	.byte	4                               @ DW_AT_decl_file
	.short	855                             @ DW_AT_decl_line
	.byte	32                              @ DW_AT_data_member_location
	.byte	13                              @ Abbrev [13] 0x2de:0xd DW_TAG_member
	.long	.Linfo_string70                 @ DW_AT_name
	.long	787                             @ DW_AT_type
	.byte	4                               @ DW_AT_decl_file
	.short	856                             @ DW_AT_decl_line
	.byte	36                              @ DW_AT_data_member_location
	.byte	13                              @ Abbrev [13] 0x2eb:0xd DW_TAG_member
	.long	.Linfo_string71                 @ DW_AT_name
	.long	792                             @ DW_AT_type
	.byte	4                               @ DW_AT_decl_file
	.short	857                             @ DW_AT_decl_line
	.byte	38                              @ DW_AT_data_member_location
	.byte	13                              @ Abbrev [13] 0x2f8:0xd DW_TAG_member
	.long	.Linfo_string72                 @ DW_AT_name
	.long	787                             @ DW_AT_type
	.byte	4                               @ DW_AT_decl_file
	.short	858                             @ DW_AT_decl_line
	.byte	40                              @ DW_AT_data_member_location
	.byte	13                              @ Abbrev [13] 0x305:0xd DW_TAG_member
	.long	.Linfo_string73                 @ DW_AT_name
	.long	792                             @ DW_AT_type
	.byte	4                               @ DW_AT_decl_file
	.short	859                             @ DW_AT_decl_line
	.byte	42                              @ DW_AT_data_member_location
	.byte	0                               @ End Of Children Mark
	.byte	14                              @ Abbrev [14] 0x313:0x5 DW_TAG_volatile_type
	.long	792                             @ DW_AT_type
	.byte	5                               @ Abbrev [5] 0x318:0xb DW_TAG_typedef
	.long	803                             @ DW_AT_type
	.long	.Linfo_string61                 @ DW_AT_name
	.byte	1                               @ DW_AT_decl_file
	.byte	63                              @ DW_AT_decl_line
	.byte	6                               @ Abbrev [6] 0x323:0x7 DW_TAG_base_type
	.long	.Linfo_string60                 @ DW_AT_name
	.byte	7                               @ DW_AT_encoding
	.byte	2                               @ DW_AT_byte_size
	.byte	10                              @ Abbrev [10] 0x32a:0x5 DW_TAG_pointer_type
	.long	815                             @ DW_AT_type
	.byte	5                               @ Abbrev [5] 0x32f:0xb DW_TAG_typedef
	.long	826                             @ DW_AT_type
	.long	.Linfo_string79                 @ DW_AT_name
	.byte	2                               @ DW_AT_decl_file
	.byte	38                              @ DW_AT_decl_line
	.byte	15                              @ Abbrev [15] 0x33a:0x29 DW_TAG_structure_type
	.byte	3                               @ DW_AT_byte_size
	.byte	2                               @ DW_AT_decl_file
	.byte	33                              @ DW_AT_decl_line
	.byte	16                              @ Abbrev [16] 0x33e:0xc DW_TAG_member
	.long	.Linfo_string75                 @ DW_AT_name
	.long	867                             @ DW_AT_type
	.byte	2                               @ DW_AT_decl_file
	.byte	35                              @ DW_AT_decl_line
	.byte	0                               @ DW_AT_data_member_location
	.byte	16                              @ Abbrev [16] 0x34a:0xc DW_TAG_member
	.long	.Linfo_string77                 @ DW_AT_name
	.long	878                             @ DW_AT_type
	.byte	2                               @ DW_AT_decl_file
	.byte	36                              @ DW_AT_decl_line
	.byte	1                               @ DW_AT_data_member_location
	.byte	16                              @ Abbrev [16] 0x356:0xc DW_TAG_member
	.long	.Linfo_string78                 @ DW_AT_name
	.long	878                             @ DW_AT_type
	.byte	2                               @ DW_AT_decl_file
	.byte	37                              @ DW_AT_decl_line
	.byte	2                               @ DW_AT_data_member_location
	.byte	0                               @ End Of Children Mark
	.byte	5                               @ Abbrev [5] 0x363:0xb DW_TAG_typedef
	.long	80                              @ DW_AT_type
	.long	.Linfo_string76                 @ DW_AT_name
	.byte	2                               @ DW_AT_decl_file
	.byte	31                              @ DW_AT_decl_line
	.byte	14                              @ Abbrev [14] 0x36e:0x5 DW_TAG_volatile_type
	.long	867                             @ DW_AT_type
	.byte	10                              @ Abbrev [10] 0x373:0x5 DW_TAG_pointer_type
	.long	888                             @ DW_AT_type
	.byte	11                              @ Abbrev [11] 0x378:0xc DW_TAG_typedef
	.long	900                             @ DW_AT_type
	.long	.Linfo_string88                 @ DW_AT_name
	.byte	5                               @ DW_AT_decl_file
	.short	336                             @ DW_AT_decl_line
	.byte	12                              @ Abbrev [12] 0x384:0x7b DW_TAG_structure_type
	.byte	40                              @ DW_AT_byte_size
	.byte	5                               @ DW_AT_decl_file
	.short	325                             @ DW_AT_decl_line
	.byte	13                              @ Abbrev [13] 0x389:0xd DW_TAG_member
	.long	.Linfo_string80                 @ DW_AT_name
	.long	1023                            @ DW_AT_type
	.byte	5                               @ DW_AT_decl_file
	.short	327                             @ DW_AT_decl_line
	.byte	0                               @ DW_AT_data_member_location
	.byte	13                              @ Abbrev [13] 0x396:0xd DW_TAG_member
	.long	.Linfo_string81                 @ DW_AT_name
	.long	551                             @ DW_AT_type
	.byte	5                               @ DW_AT_decl_file
	.short	328                             @ DW_AT_decl_line
	.byte	4                               @ DW_AT_data_member_location
	.byte	13                              @ Abbrev [13] 0x3a3:0xd DW_TAG_member
	.long	.Linfo_string82                 @ DW_AT_name
	.long	328                             @ DW_AT_type
	.byte	5                               @ DW_AT_decl_file
	.short	329                             @ DW_AT_decl_line
	.byte	8                               @ DW_AT_data_member_location
	.byte	13                              @ Abbrev [13] 0x3b0:0xd DW_TAG_member
	.long	.Linfo_string83                 @ DW_AT_name
	.long	551                             @ DW_AT_type
	.byte	5                               @ DW_AT_decl_file
	.short	330                             @ DW_AT_decl_line
	.byte	12                              @ DW_AT_data_member_location
	.byte	13                              @ Abbrev [13] 0x3bd:0xd DW_TAG_member
	.long	.Linfo_string84                 @ DW_AT_name
	.long	551                             @ DW_AT_type
	.byte	5                               @ DW_AT_decl_file
	.short	331                             @ DW_AT_decl_line
	.byte	16                              @ DW_AT_data_member_location
	.byte	13                              @ Abbrev [13] 0x3ca:0xd DW_TAG_member
	.long	.Linfo_string85                 @ DW_AT_name
	.long	551                             @ DW_AT_type
	.byte	5                               @ DW_AT_decl_file
	.short	332                             @ DW_AT_decl_line
	.byte	20                              @ DW_AT_data_member_location
	.byte	13                              @ Abbrev [13] 0x3d7:0xd DW_TAG_member
	.long	.Linfo_string62                 @ DW_AT_name
	.long	328                             @ DW_AT_type
	.byte	5                               @ DW_AT_decl_file
	.short	333                             @ DW_AT_decl_line
	.byte	24                              @ DW_AT_data_member_location
	.byte	13                              @ Abbrev [13] 0x3e4:0xd DW_TAG_member
	.long	.Linfo_string86                 @ DW_AT_name
	.long	1028                            @ DW_AT_type
	.byte	5                               @ DW_AT_decl_file
	.short	334                             @ DW_AT_decl_line
	.byte	28                              @ DW_AT_data_member_location
	.byte	13                              @ Abbrev [13] 0x3f1:0xd DW_TAG_member
	.long	.Linfo_string87                 @ DW_AT_name
	.long	551                             @ DW_AT_type
	.byte	5                               @ DW_AT_decl_file
	.short	335                             @ DW_AT_decl_line
	.byte	36                              @ DW_AT_data_member_location
	.byte	0                               @ End Of Children Mark
	.byte	17                              @ Abbrev [17] 0x3ff:0x5 DW_TAG_const_type
	.long	551                             @ DW_AT_type
	.byte	3                               @ Abbrev [3] 0x404:0xc DW_TAG_array_type
	.long	551                             @ DW_AT_type
	.byte	4                               @ Abbrev [4] 0x409:0x6 DW_TAG_subrange_type
	.long	98                              @ DW_AT_type
	.byte	2                               @ DW_AT_count
	.byte	0                               @ End Of Children Mark
	.byte	10                              @ Abbrev [10] 0x410:0x5 DW_TAG_pointer_type
	.long	1045                            @ DW_AT_type
	.byte	11                              @ Abbrev [11] 0x415:0xc DW_TAG_typedef
	.long	1057                            @ DW_AT_type
	.long	.Linfo_string95                 @ DW_AT_name
	.byte	5                               @ DW_AT_decl_file
	.short	312                             @ DW_AT_decl_line
	.byte	18                              @ Abbrev [18] 0x421:0x8f DW_TAG_structure_type
	.short	800                             @ DW_AT_byte_size
	.byte	5                               @ DW_AT_decl_file
	.short	300                             @ DW_AT_decl_line
	.byte	13                              @ Abbrev [13] 0x427:0xd DW_TAG_member
	.long	.Linfo_string89                 @ DW_AT_name
	.long	1200                            @ DW_AT_type
	.byte	5                               @ DW_AT_decl_file
	.short	302                             @ DW_AT_decl_line
	.byte	0                               @ DW_AT_data_member_location
	.byte	13                              @ Abbrev [13] 0x434:0xd DW_TAG_member
	.long	.Linfo_string82                 @ DW_AT_name
	.long	1212                            @ DW_AT_type
	.byte	5                               @ DW_AT_decl_file
	.short	303                             @ DW_AT_decl_line
	.byte	4                               @ DW_AT_data_member_location
	.byte	13                              @ Abbrev [13] 0x441:0xd DW_TAG_member
	.long	.Linfo_string90                 @ DW_AT_name
	.long	1200                            @ DW_AT_type
	.byte	5                               @ DW_AT_decl_file
	.short	304                             @ DW_AT_decl_line
	.byte	128                             @ DW_AT_data_member_location
	.byte	13                              @ Abbrev [13] 0x44e:0xd DW_TAG_member
	.long	.Linfo_string91                 @ DW_AT_name
	.long	1212                            @ DW_AT_type
	.byte	5                               @ DW_AT_decl_file
	.short	305                             @ DW_AT_decl_line
	.byte	132                             @ DW_AT_data_member_location
	.byte	19                              @ Abbrev [19] 0x45b:0xe DW_TAG_member
	.long	.Linfo_string92                 @ DW_AT_name
	.long	1200                            @ DW_AT_type
	.byte	5                               @ DW_AT_decl_file
	.short	306                             @ DW_AT_decl_line
	.short	256                             @ DW_AT_data_member_location
	.byte	19                              @ Abbrev [19] 0x469:0xe DW_TAG_member
	.long	.Linfo_string64                 @ DW_AT_name
	.long	1212                            @ DW_AT_type
	.byte	5                               @ DW_AT_decl_file
	.short	307                             @ DW_AT_decl_line
	.short	260                             @ DW_AT_data_member_location
	.byte	19                              @ Abbrev [19] 0x477:0xe DW_TAG_member
	.long	.Linfo_string93                 @ DW_AT_name
	.long	1200                            @ DW_AT_type
	.byte	5                               @ DW_AT_decl_file
	.short	308                             @ DW_AT_decl_line
	.short	384                             @ DW_AT_data_member_location
	.byte	19                              @ Abbrev [19] 0x485:0xe DW_TAG_member
	.long	.Linfo_string67                 @ DW_AT_name
	.long	1212                            @ DW_AT_type
	.byte	5                               @ DW_AT_decl_file
	.short	309                             @ DW_AT_decl_line
	.short	388                             @ DW_AT_data_member_location
	.byte	19                              @ Abbrev [19] 0x493:0xe DW_TAG_member
	.long	.Linfo_string71                 @ DW_AT_name
	.long	1224                            @ DW_AT_type
	.byte	5                               @ DW_AT_decl_file
	.short	310                             @ DW_AT_decl_line
	.short	512                             @ DW_AT_data_member_location
	.byte	19                              @ Abbrev [19] 0x4a1:0xe DW_TAG_member
	.long	.Linfo_string94                 @ DW_AT_name
	.long	1236                            @ DW_AT_type
	.byte	5                               @ DW_AT_decl_file
	.short	311                             @ DW_AT_decl_line
	.short	768                             @ DW_AT_data_member_location
	.byte	0                               @ End Of Children Mark
	.byte	3                               @ Abbrev [3] 0x4b0:0xc DW_TAG_array_type
	.long	551                             @ DW_AT_type
	.byte	4                               @ Abbrev [4] 0x4b5:0x6 DW_TAG_subrange_type
	.long	98                              @ DW_AT_type
	.byte	1                               @ DW_AT_count
	.byte	0                               @ End Of Children Mark
	.byte	3                               @ Abbrev [3] 0x4bc:0xc DW_TAG_array_type
	.long	328                             @ DW_AT_type
	.byte	4                               @ Abbrev [4] 0x4c1:0x6 DW_TAG_subrange_type
	.long	98                              @ DW_AT_type
	.byte	31                              @ DW_AT_count
	.byte	0                               @ End Of Children Mark
	.byte	3                               @ Abbrev [3] 0x4c8:0xc DW_TAG_array_type
	.long	328                             @ DW_AT_type
	.byte	4                               @ Abbrev [4] 0x4cd:0x6 DW_TAG_subrange_type
	.long	98                              @ DW_AT_type
	.byte	64                              @ DW_AT_count
	.byte	0                               @ End Of Children Mark
	.byte	3                               @ Abbrev [3] 0x4d4:0xc DW_TAG_array_type
	.long	551                             @ DW_AT_type
	.byte	4                               @ Abbrev [4] 0x4d9:0x6 DW_TAG_subrange_type
	.long	98                              @ DW_AT_type
	.byte	8                               @ DW_AT_count
	.byte	0                               @ End Of Children Mark
	.byte	20                              @ Abbrev [20] 0x4e0:0x22 DW_TAG_subprogram
	.long	.Linfo_string96                 @ DW_AT_name
	.byte	5                               @ DW_AT_decl_file
	.short	602                             @ DW_AT_decl_line
                                        @ DW_AT_prototyped
	.byte	1                               @ DW_AT_inline
	.byte	21                              @ Abbrev [21] 0x4e9:0xc DW_TAG_formal_parameter
	.long	.Linfo_string39                 @ DW_AT_name
	.byte	5                               @ DW_AT_decl_file
	.short	602                             @ DW_AT_decl_line
	.long	1282                            @ DW_AT_type
	.byte	21                              @ Abbrev [21] 0x4f5:0xc DW_TAG_formal_parameter
	.long	.Linfo_string98                 @ DW_AT_name
	.byte	5                               @ DW_AT_decl_file
	.short	602                             @ DW_AT_decl_line
	.long	328                             @ DW_AT_type
	.byte	0                               @ End Of Children Mark
	.byte	11                              @ Abbrev [11] 0x502:0xc DW_TAG_typedef
	.long	134                             @ DW_AT_type
	.long	.Linfo_string97                 @ DW_AT_name
	.byte	4                               @ DW_AT_decl_file
	.short	351                             @ DW_AT_decl_line
	.byte	20                              @ Abbrev [20] 0x50e:0x16 DW_TAG_subprogram
	.long	.Linfo_string99                 @ DW_AT_name
	.byte	5                               @ DW_AT_decl_file
	.short	535                             @ DW_AT_decl_line
                                        @ DW_AT_prototyped
	.byte	1                               @ DW_AT_inline
	.byte	21                              @ Abbrev [21] 0x517:0xc DW_TAG_formal_parameter
	.long	.Linfo_string39                 @ DW_AT_name
	.byte	5                               @ DW_AT_decl_file
	.short	535                             @ DW_AT_decl_line
	.long	1282                            @ DW_AT_type
	.byte	0                               @ End Of Children Mark
	.byte	22                              @ Abbrev [22] 0x524:0x46 DW_TAG_subprogram
	.long	.Lfunc_begin0                   @ DW_AT_low_pc
	.long	.Lfunc_end0-.Lfunc_begin0       @ DW_AT_high_pc
	.byte	1                               @ DW_AT_frame_base
	.byte	93
                                        @ DW_AT_GNU_all_call_sites
	.long	.Linfo_string100                @ DW_AT_name
	.byte	3                               @ DW_AT_decl_file
	.byte	32                              @ DW_AT_decl_line
                                        @ DW_AT_prototyped
                                        @ DW_AT_external
	.byte	23                              @ Abbrev [23] 0x535:0x1d DW_TAG_inlined_subroutine
	.long	1248                            @ DW_AT_abstract_origin
	.long	.Ltmp3                          @ DW_AT_low_pc
	.long	.Ltmp4-.Ltmp3                   @ DW_AT_high_pc
	.byte	3                               @ DW_AT_call_file
	.byte	46                              @ DW_AT_call_line
	.byte	3                               @ DW_AT_call_column
	.byte	24                              @ Abbrev [24] 0x545:0x6 DW_TAG_formal_parameter
	.byte	27                              @ DW_AT_const_value
	.long	1257                            @ DW_AT_abstract_origin
	.byte	25                              @ Abbrev [25] 0x54b:0x6 DW_TAG_formal_parameter
	.byte	3                               @ DW_AT_const_value
	.long	1269                            @ DW_AT_abstract_origin
	.byte	0                               @ End Of Children Mark
	.byte	23                              @ Abbrev [23] 0x552:0x17 DW_TAG_inlined_subroutine
	.long	1294                            @ DW_AT_abstract_origin
	.long	.Ltmp4                          @ DW_AT_low_pc
	.long	.Ltmp5-.Ltmp4                   @ DW_AT_high_pc
	.byte	3                               @ DW_AT_call_file
	.byte	47                              @ DW_AT_call_line
	.byte	3                               @ DW_AT_call_column
	.byte	24                              @ Abbrev [24] 0x562:0x6 DW_TAG_formal_parameter
	.byte	27                              @ DW_AT_const_value
	.long	1303                            @ DW_AT_abstract_origin
	.byte	0                               @ End Of Children Mark
	.byte	0                               @ End Of Children Mark
	.byte	22                              @ Abbrev [22] 0x56a:0x26 DW_TAG_subprogram
	.long	.Lfunc_begin1                   @ DW_AT_low_pc
	.long	.Lfunc_end1-.Lfunc_begin1       @ DW_AT_high_pc
	.byte	1                               @ DW_AT_frame_base
	.byte	93
                                        @ DW_AT_GNU_all_call_sites
	.long	.Linfo_string101                @ DW_AT_name
	.byte	3                               @ DW_AT_decl_file
	.byte	50                              @ DW_AT_decl_line
                                        @ DW_AT_prototyped
                                        @ DW_AT_external
	.byte	26                              @ Abbrev [26] 0x57b:0x14 DW_TAG_lexical_block
	.long	.Ldebug_ranges0                 @ DW_AT_ranges
	.byte	27                              @ Abbrev [27] 0x580:0xe DW_TAG_variable
	.byte	2                               @ DW_AT_location
	.byte	145
	.byte	4
	.long	.Linfo_string106                @ DW_AT_name
	.byte	3                               @ DW_AT_decl_file
	.byte	59                              @ DW_AT_decl_line
	.long	80                              @ DW_AT_type
	.byte	0                               @ End Of Children Mark
	.byte	0                               @ End Of Children Mark
	.byte	22                              @ Abbrev [22] 0x590:0x21 DW_TAG_subprogram
	.long	.Lfunc_begin2                   @ DW_AT_low_pc
	.long	.Lfunc_end2-.Lfunc_begin2       @ DW_AT_high_pc
	.byte	1                               @ DW_AT_frame_base
	.byte	93
                                        @ DW_AT_GNU_all_call_sites
	.long	.Linfo_string102                @ DW_AT_name
	.byte	3                               @ DW_AT_decl_file
	.byte	68                              @ DW_AT_decl_line
                                        @ DW_AT_prototyped
                                        @ DW_AT_external
	.byte	28                              @ Abbrev [28] 0x5a1:0xf DW_TAG_formal_parameter
	.long	.Ldebug_loc0                    @ DW_AT_location
	.long	.Linfo_string107                @ DW_AT_name
	.byte	3                               @ DW_AT_decl_file
	.byte	68                              @ DW_AT_decl_line
	.long	80                              @ DW_AT_type
	.byte	0                               @ End Of Children Mark
	.byte	22                              @ Abbrev [22] 0x5b1:0x21 DW_TAG_subprogram
	.long	.Lfunc_begin3                   @ DW_AT_low_pc
	.long	.Lfunc_end3-.Lfunc_begin3       @ DW_AT_high_pc
	.byte	1                               @ DW_AT_frame_base
	.byte	93
                                        @ DW_AT_GNU_all_call_sites
	.long	.Linfo_string103                @ DW_AT_name
	.byte	3                               @ DW_AT_decl_file
	.byte	77                              @ DW_AT_decl_line
                                        @ DW_AT_prototyped
                                        @ DW_AT_external
	.byte	28                              @ Abbrev [28] 0x5c2:0xf DW_TAG_formal_parameter
	.long	.Ldebug_loc1                    @ DW_AT_location
	.long	.Linfo_string108                @ DW_AT_name
	.byte	3                               @ DW_AT_decl_file
	.byte	77                              @ DW_AT_decl_line
	.long	1571                            @ DW_AT_type
	.byte	0                               @ End Of Children Mark
	.byte	22                              @ Abbrev [22] 0x5d2:0x21 DW_TAG_subprogram
	.long	.Lfunc_begin4                   @ DW_AT_low_pc
	.long	.Lfunc_end4-.Lfunc_begin4       @ DW_AT_high_pc
	.byte	1                               @ DW_AT_frame_base
	.byte	93
                                        @ DW_AT_GNU_all_call_sites
	.long	.Linfo_string104                @ DW_AT_name
	.byte	3                               @ DW_AT_decl_file
	.byte	83                              @ DW_AT_decl_line
                                        @ DW_AT_prototyped
                                        @ DW_AT_external
	.byte	28                              @ Abbrev [28] 0x5e3:0xf DW_TAG_formal_parameter
	.long	.Ldebug_loc2                    @ DW_AT_location
	.long	.Linfo_string110                @ DW_AT_name
	.byte	3                               @ DW_AT_decl_file
	.byte	83                              @ DW_AT_decl_line
	.long	80                              @ DW_AT_type
	.byte	0                               @ End Of Children Mark
	.byte	22                              @ Abbrev [22] 0x5f3:0x30 DW_TAG_subprogram
	.long	.Lfunc_begin5                   @ DW_AT_low_pc
	.long	.Lfunc_end5-.Lfunc_begin5       @ DW_AT_high_pc
	.byte	1                               @ DW_AT_frame_base
	.byte	93
                                        @ DW_AT_GNU_all_call_sites
	.long	.Linfo_string105                @ DW_AT_name
	.byte	3                               @ DW_AT_decl_file
	.byte	90                              @ DW_AT_decl_line
                                        @ DW_AT_prototyped
                                        @ DW_AT_external
	.byte	28                              @ Abbrev [28] 0x604:0xf DW_TAG_formal_parameter
	.long	.Ldebug_loc3                    @ DW_AT_location
	.long	.Linfo_string110                @ DW_AT_name
	.byte	3                               @ DW_AT_decl_file
	.byte	90                              @ DW_AT_decl_line
	.long	80                              @ DW_AT_type
	.byte	29                              @ Abbrev [29] 0x613:0xf DW_TAG_variable
	.long	.Ldebug_loc4                    @ DW_AT_location
	.long	.Linfo_string111                @ DW_AT_name
	.byte	3                               @ DW_AT_decl_file
	.byte	92                              @ DW_AT_decl_line
	.long	80                              @ DW_AT_type
	.byte	0                               @ End Of Children Mark
	.byte	10                              @ Abbrev [10] 0x623:0x5 DW_TAG_pointer_type
	.long	1576                            @ DW_AT_type
	.byte	17                              @ Abbrev [17] 0x628:0x5 DW_TAG_const_type
	.long	1581                            @ DW_AT_type
	.byte	6                               @ Abbrev [6] 0x62d:0x7 DW_TAG_base_type
	.long	.Linfo_string109                @ DW_AT_name
	.byte	8                               @ DW_AT_encoding
	.byte	1                               @ DW_AT_byte_size
	.byte	0                               @ End Of Children Mark
.Ldebug_info_end0:
	.section	.debug_ranges,"",%progbits
.Ldebug_ranges0:
	.long	.Ltmp12
	.long	.Ltmp15
	.long	.Ltmp16
	.long	.Ltmp17
	.long	0
	.long	0
.Ldebug_ranges1:
	.long	.Lfunc_begin0
	.long	.Lfunc_end0
	.long	.Lfunc_begin1
	.long	.Lfunc_end1
	.long	.Lfunc_begin2
	.long	.Lfunc_end2
	.long	.Lfunc_begin3
	.long	.Lfunc_end3
	.long	.Lfunc_begin4
	.long	.Lfunc_end4
	.long	.Lfunc_begin5
	.long	.Lfunc_end5
	.long	0
	.long	0
	.section	.debug_str,"MS",%progbits,1
.Linfo_string0:
	.asciz	"Component: Arm Compiler for Embedded 6.21 Tool: armclang [5ec1fd00]" @ string offset=0
.Linfo_string1:
	.asciz	"serial.c"                      @ string offset=68
.Linfo_string2:
	.asciz	"C:\\Users\\ralf\\Documents\\Projekte\\uTerm\\STM32F030F4\\Firmware\\ChibiTerm" @ string offset=77
.Linfo_string3:
	.asciz	"RxBuf"                         @ string offset=147
.Linfo_string4:
	.asciz	"unsigned char"                 @ string offset=153
.Linfo_string5:
	.asciz	"uint8_t"                       @ string offset=167
.Linfo_string6:
	.asciz	"FIFO_Data_t"                   @ string offset=175
.Linfo_string7:
	.asciz	"__ARRAY_SIZE_TYPE__"           @ string offset=187
.Linfo_string8:
	.asciz	"TxBuf"                         @ string offset=207
.Linfo_string9:
	.asciz	"signed char"                   @ string offset=213
.Linfo_string10:
	.asciz	"NonMaskableInt_IRQn"           @ string offset=225
.Linfo_string11:
	.asciz	"HardFault_IRQn"                @ string offset=245
.Linfo_string12:
	.asciz	"SVC_IRQn"                      @ string offset=260
.Linfo_string13:
	.asciz	"PendSV_IRQn"                   @ string offset=269
.Linfo_string14:
	.asciz	"SysTick_IRQn"                  @ string offset=281
.Linfo_string15:
	.asciz	"WWDG_IRQn"                     @ string offset=294
.Linfo_string16:
	.asciz	"RTC_IRQn"                      @ string offset=304
.Linfo_string17:
	.asciz	"FLASH_IRQn"                    @ string offset=313
.Linfo_string18:
	.asciz	"RCC_IRQn"                      @ string offset=324
.Linfo_string19:
	.asciz	"EXTI0_1_IRQn"                  @ string offset=333
.Linfo_string20:
	.asciz	"EXTI2_3_IRQn"                  @ string offset=346
.Linfo_string21:
	.asciz	"EXTI4_15_IRQn"                 @ string offset=359
.Linfo_string22:
	.asciz	"DMA1_Channel1_IRQn"            @ string offset=373
.Linfo_string23:
	.asciz	"DMA1_Channel2_3_IRQn"          @ string offset=392
.Linfo_string24:
	.asciz	"DMA1_Channel4_5_IRQn"          @ string offset=413
.Linfo_string25:
	.asciz	"ADC1_IRQn"                     @ string offset=434
.Linfo_string26:
	.asciz	"TIM1_BRK_UP_TRG_COM_IRQn"      @ string offset=444
.Linfo_string27:
	.asciz	"TIM1_CC_IRQn"                  @ string offset=469
.Linfo_string28:
	.asciz	"TIM3_IRQn"                     @ string offset=482
.Linfo_string29:
	.asciz	"TIM14_IRQn"                    @ string offset=492
.Linfo_string30:
	.asciz	"TIM15_IRQn"                    @ string offset=503
.Linfo_string31:
	.asciz	"TIM16_IRQn"                    @ string offset=514
.Linfo_string32:
	.asciz	"TIM17_IRQn"                    @ string offset=525
.Linfo_string33:
	.asciz	"I2C1_IRQn"                     @ string offset=536
.Linfo_string34:
	.asciz	"I2C2_IRQn"                     @ string offset=546
.Linfo_string35:
	.asciz	"SPI1_IRQn"                     @ string offset=556
.Linfo_string36:
	.asciz	"SPI2_IRQn"                     @ string offset=566
.Linfo_string37:
	.asciz	"USART1_IRQn"                   @ string offset=576
.Linfo_string38:
	.asciz	"USART2_IRQn"                   @ string offset=588
.Linfo_string39:
	.asciz	"IRQn"                          @ string offset=600
.Linfo_string40:
	.asciz	"unsigned int"                  @ string offset=605
.Linfo_string41:
	.asciz	"uint32_t"                      @ string offset=618
.Linfo_string42:
	.asciz	"CR"                            @ string offset=627
.Linfo_string43:
	.asciz	"CFGR"                          @ string offset=630
.Linfo_string44:
	.asciz	"CIR"                           @ string offset=635
.Linfo_string45:
	.asciz	"APB2RSTR"                      @ string offset=639
.Linfo_string46:
	.asciz	"APB1RSTR"                      @ string offset=648
.Linfo_string47:
	.asciz	"AHBENR"                        @ string offset=657
.Linfo_string48:
	.asciz	"APB2ENR"                       @ string offset=664
.Linfo_string49:
	.asciz	"APB1ENR"                       @ string offset=672
.Linfo_string50:
	.asciz	"BDCR"                          @ string offset=680
.Linfo_string51:
	.asciz	"CSR"                           @ string offset=685
.Linfo_string52:
	.asciz	"AHBRSTR"                       @ string offset=689
.Linfo_string53:
	.asciz	"CFGR2"                         @ string offset=697
.Linfo_string54:
	.asciz	"CFGR3"                         @ string offset=703
.Linfo_string55:
	.asciz	"CR2"                           @ string offset=709
.Linfo_string56:
	.asciz	"RCC_TypeDef"                   @ string offset=713
.Linfo_string57:
	.asciz	"CR1"                           @ string offset=725
.Linfo_string58:
	.asciz	"CR3"                           @ string offset=729
.Linfo_string59:
	.asciz	"BRR"                           @ string offset=733
.Linfo_string60:
	.asciz	"unsigned short"                @ string offset=737
.Linfo_string61:
	.asciz	"uint16_t"                      @ string offset=752
.Linfo_string62:
	.asciz	"RESERVED1"                     @ string offset=761
.Linfo_string63:
	.asciz	"GTPR"                          @ string offset=771
.Linfo_string64:
	.asciz	"RESERVED2"                     @ string offset=776
.Linfo_string65:
	.asciz	"RTOR"                          @ string offset=786
.Linfo_string66:
	.asciz	"RQR"                           @ string offset=791
.Linfo_string67:
	.asciz	"RESERVED3"                     @ string offset=795
.Linfo_string68:
	.asciz	"ISR"                           @ string offset=805
.Linfo_string69:
	.asciz	"ICR"                           @ string offset=809
.Linfo_string70:
	.asciz	"RDR"                           @ string offset=813
.Linfo_string71:
	.asciz	"RESERVED4"                     @ string offset=817
.Linfo_string72:
	.asciz	"TDR"                           @ string offset=827
.Linfo_string73:
	.asciz	"RESERVED5"                     @ string offset=831
.Linfo_string74:
	.asciz	"USART_TypeDef"                 @ string offset=841
.Linfo_string75:
	.asciz	"SizeMask"                      @ string offset=855
.Linfo_string76:
	.asciz	"FIFO_Index_t"                  @ string offset=864
.Linfo_string77:
	.asciz	"Head"                          @ string offset=877
.Linfo_string78:
	.asciz	"Tail"                          @ string offset=882
.Linfo_string79:
	.asciz	"FIFO"                          @ string offset=887
.Linfo_string80:
	.asciz	"CPUID"                         @ string offset=892
.Linfo_string81:
	.asciz	"ICSR"                          @ string offset=898
.Linfo_string82:
	.asciz	"RESERVED0"                     @ string offset=903
.Linfo_string83:
	.asciz	"AIRCR"                         @ string offset=913
.Linfo_string84:
	.asciz	"SCR"                           @ string offset=919
.Linfo_string85:
	.asciz	"CCR"                           @ string offset=923
.Linfo_string86:
	.asciz	"SHP"                           @ string offset=927
.Linfo_string87:
	.asciz	"SHCSR"                         @ string offset=931
.Linfo_string88:
	.asciz	"SCB_Type"                      @ string offset=937
.Linfo_string89:
	.asciz	"ISER"                          @ string offset=946
.Linfo_string90:
	.asciz	"ICER"                          @ string offset=951
.Linfo_string91:
	.asciz	"RSERVED1"                      @ string offset=956
.Linfo_string92:
	.asciz	"ISPR"                          @ string offset=965
.Linfo_string93:
	.asciz	"ICPR"                          @ string offset=970
.Linfo_string94:
	.asciz	"IP"                            @ string offset=975
.Linfo_string95:
	.asciz	"NVIC_Type"                     @ string offset=978
.Linfo_string96:
	.asciz	"NVIC_SetPriority"              @ string offset=988
.Linfo_string97:
	.asciz	"IRQn_Type"                     @ string offset=1005
.Linfo_string98:
	.asciz	"priority"                      @ string offset=1015
.Linfo_string99:
	.asciz	"NVIC_EnableIRQ"                @ string offset=1024
.Linfo_string100:
	.asciz	"USART_Init"                    @ string offset=1039
.Linfo_string101:
	.asciz	"USART1_IRQHandler"             @ string offset=1050
.Linfo_string102:
	.asciz	"Putchar"                       @ string offset=1068
.Linfo_string103:
	.asciz	"PutStr"                        @ string offset=1076
.Linfo_string104:
	.asciz	"Putint"                        @ string offset=1083
.Linfo_string105:
	.asciz	"Puthex"                        @ string offset=1090
.Linfo_string106:
	.asciz	"TxD"                           @ string offset=1097
.Linfo_string107:
	.asciz	"data"                          @ string offset=1101
.Linfo_string108:
	.asciz	"string"                        @ string offset=1106
.Linfo_string109:
	.asciz	"char"                          @ string offset=1113
.Linfo_string110:
	.asciz	"n"                             @ string offset=1118
.Linfo_string111:
	.asciz	"c"                             @ string offset=1120
	.globl	TxBuf
	.hidden	TxBuf
.set TxBuf, .L_MergedGlobals
	.size	TxBuf, 19
	.globl	RxBuf
	.hidden	RxBuf
.set RxBuf, .L_MergedGlobals+19
	.size	RxBuf, 67
	.ident	"Component: Arm Compiler for Embedded 6.21 Tool: armclang [5ec1fd00]"
	.section	".note.GNU-stack","",%progbits
	.eabi_attribute	30, 4	@ Tag_ABI_optimization_goals
	.ARM_attribute	16, 1	@ Tag_AV_eba
	.section	.debug_line,"",%progbits
.Lline_table_start0:
