	.text
	.syntax unified
	.eabi_attribute	67, "2.09"	@ Tag_conformance
	.cpu	cortex-m0
	.eabi_attribute	6, 12	@ Tag_CPU_arch
	.eabi_attribute	7, 77	@ Tag_CPU_arch_profile
	.eabi_attribute	8, 0	@ Tag_ARM_ISA_use
	.eabi_attribute	9, 1	@ Tag_THUMB_ISA_use
	.eabi_attribute	34, 0	@ Tag_CPU_unaligned_access
	.eabi_attribute	17, 1	@ Tag_ABI_PCS_GOT_use
	.eabi_attribute	20, 2	@ Tag_ABI_FP_denormal
	.eabi_attribute	21, 0	@ Tag_ABI_FP_exceptions
	.eabi_attribute	23, 1	@ Tag_ABI_FP_number_model
	.eabi_attribute	24, 1	@ Tag_ABI_align_needed
	.eabi_attribute	25, 1	@ Tag_ABI_align_preserved
	.eabi_attribute	38, 1	@ Tag_ABI_FP_16bit_format
	.eabi_attribute	18, 2	@ Tag_ABI_PCS_wchar_t
	.eabi_attribute	26, 1	@ Tag_ABI_enum_size
	.eabi_attribute	14, 0	@ Tag_ABI_PCS_R9_use
	.file	"vgafont.c"
	.file	1 "C:\\Users\\ralf" "Program Files\\Keil_v5\\ARM\\ARMCLANG\\Bin\\..\\include\\stdint.h"
	.file	2 "C:\\Users\\ralf\\Documents\\Projekte\\uTerm\\STM32F030F4\\Firmware\\ChibiTerm" "vgafont.c"
	.hidden	FONT_TABLE                      @ @FONT_TABLE
	.type	FONT_TABLE,%object
	.section	.rodata.FONT_TABLE,"a",%progbits
	.globl	FONT_TABLE
FONT_TABLE:
	.ascii	"\000\000\000\000\000\000\000\000\000\000\000\000\000\000\000\000U\252U\252U\252U\252U\252U\252U\252U\252\000\000\000\000\000\376\376\376\376\376\376\000\000\000\000\000\000\000\000\000\000\000\000\000\377\377\377\377\377\377\377\377\377\377\377\377\377\377\377\377\000\000\000\000\000\000\000\000\000\000\000\000\020\02088||\376\376\000\000\000\000\000\000\000\000\376\376||88\020\020\000\000\000\000\000\000\000\004\f\034<|<\034\f\004\000\000\000\000\000\000\000@`px|xp`@\000\000\000\000\000\000\000\000\376\000\000\376\000\000\376\000\000\000\000\000\030\030\030\030\030\030\030\370\000\000\000\000\000\000\000\000\000\000\000\000\000\000\000\370\030\030\030\030\030\030\030\030\000\000\000\000\000\000\000\037\030\030\030\030\030\030\030\030\030\030\030\030\030\030\030\037\000\000\000\000\000\000\000\000\030\030\030\030\030\030\030\377\030\030\030\030\030\030\030\030\000\030<~\030\030\030\030\030\030\030\030\030\000\000\000\000\030\030\030\030\030\030\030\030\030~<\030\000\000\000\000\000\000\000\000\000\000\377\000\000\000\000\000\000\000\000\000\030<~\030\030\030\030\030\030~<\030\000\000\000\000\000\000\000\000\000\030\030\030\000\000\000\000\000\000\000\030\030\030\030\030\030\030\037\030\030\030\030\030\030\030\030\030\030\030\030\030\030\030\370\030\030\030\030\030\030\030\030\030\030\030\030\030\030\030\377\000\000\000\000\000\000\000\000\000\000\000\000\000\000\000\377\030\030\030\030\030\030\030\030\030\030\030\030\030\030\030\030\030\030\030\030\030\030\030\030\000\000\000\000\000\000\000\000\000\000\000\000\000\000\000\000\000\000\000\000\000\000\000\000\000\000\000\000\000\000\000\000\000\000\000\000\000\000\000\000\000\000\000\000\000\000\000\000\000\000\000\000\000\000\000\000\000\000\000\000\000\000\000\000\000\000\000\000\000\000\000\000\000\000\000\000\000\000\000\000\000\000\000\000\000\000\000\000\000\000\000\000\000\000\000\000\000\000\000\000\000\000\000\000\000\000\000\000\000\000\000\000\000\000\000\000\000\000\000\000\000\000\000\000\000\000\000\000\000\000\030<<<<\030\030\000\030\030\000\000\000\000\0006666\024\000\000\000\000\000\000\000\000\000\000\000\000lll\376ll\376lll\000\000\000\000\000\000\030\030|\306\300x<\006\306|\030\030\000\000\000\000\000\000\000bf\f\0300f\306\000\000\000\000\000\0008l80v~\314\314\314v\000\000\000\000\000\f\f\f\030\000\000\000\000\000\000\000\000\000\000\000\000\000\f\030000000\030\f\000\000\000\000\000\0000\030\f\f\f\f\f\f\0300\000\000\000\000\000\000\000\000\000l8\3768l\000\000\000\000\000\000\000\000\000\000\000\030\030~\030\030\000\000\000\000\000\000\000\000\000\000\000\000\000\000\000\f\f\f\030\000\000\000\000\000\000\000\000\000\000\376\000\000\000\000\000\000\000\000\000\000\000\000\000\000\000\000\000\000\030\030\000\000\000\000\000\000\000\000\002\006\f\0300`\300\200\000\000\000\000\000\000|\306\306\316\336\366\346\306\306|\000\000\000\000\000\000\030x\030\030\030\030\030\030\030~\000\000\000\000\000\000|\306\306\006\f\0300`\306\376\000\000\000\000\000\000|\306\006\006<\006\006\006\306|\000\000\000\000\000\000\f\034<l\314\314\376\f\f\036\000\000\000\000\000\000\376\300\300\300\374\006\006\006\306|\000\000\000\000\000\000|\306\300\300\374\306\306\306\306|\000\000\000\000\000\000\376\306\006\f\03000000\000\000\000\000\000\000|\306\306\306|\306\306\306\306|\000\000\000\000\000\000|\306\306\306\306~\006\006\306|\000\000\000\000\000\000\000\000\000\f\f\000\000\f\f\000\000\000\000\000\000\000\000\000\000\f\f\000\000\f\f\f\030\000\000\000\000\000\000\f\0300`\300`0\030\f\000\000\000\000\000\000\000\000\000\000\376\000\376\000\000\000\000\000\000\000\000\000\000`0\030\f\006\f\0300`\000\000\000\000\000\000|\306\306\f\030\030\030\000\030\030\000\000\000\000\000\000|\306\306\306\336\336\336\334\300~\000\000\000\000\000\0008l\306\306\306\376\306\306\306\306\000\000\000\000\000\000\374fff|ffff\374\000\000\000\000\000\000<f\302\300\300\300\300\302f<\000\000\000\000\000\000\370lffffffl\370\000\000\000\000\000\000\376f`d|d``f\376\000\000\000\000\000\000\376f`d|d```\360\000\000\000\000\000\000|\306\306\300\300\300\316\306\306|\000\000\000\000\000\000\306\306\306\306\376\306\306\306\306\306\000\000\000\000\000\000<\030\030\030\030\030\030\030\030<\000\000\000\000\000\000<\030\030\030\030\030\030\330\330p\000\000\000\000\000\000\306\306\314\330\360\360\330\314\306\306\000\000\000\000\000\000\360``````bf\376\000\000\000\000\000\000\306\306\356\356\376\326\326\326\306\306\000\000\000\000\000\000\306\306\346\346\366\336\316\316\306\306\000\000\000\000\000\000|\306\306\306\306\306\306\306\306|\000\000\000\000\000\000\374ffff|```\360\000\000\000\000\000\000|\306\306\306\306\306\306\326\326|\006\000\000\000\000\000\374fff|xlff\346\000\000\000\000\000\000|\306\300\300p\034\006\006\306|\000\000\000\000\000\000~Z\030\030\030\030\030\030\030<\000\000\000\000\000\000\306\306\306\306\306\306\306\306\306|\000\000\000\000\000\000\306\306\306\306\306\306\306l8\020\000\000\000\000\000\000\306\306\306\326\326\326\376\356\306\306\000\000\000\000\000\000\306\306\306l88l\306\306\306\000\000\000\000\000\000fffff<\030\030\030<\000\000\000\000\000\000\376\306\206\f\0300`\302\306\376\000\000\000\000\000\000|````````|\000\000\000\000\000\000\000\000\200\300`0\030\f\006\002\000\000\000\000\000\000|\f\f\f\f\f\f\f\f|\000\000\000\000\000\0208l\306\000\000\000\000\000\000\000\000\000\000\000\000\000\000\000\000\000\000\000\000\000\000\000\000\377\000\000\000\030\030\030\f\000\000\000\000\000\000\000\000\000\000\000\000\000\000\000\000x\f|\314\314\334v\000\000\000\000\000\000\340``|fffff\374\000\000\000\000\000\000\000\000\000|\306\300\300\300\306|\000\000\000\000\000\000\034\f\f|\314\314\314\314\314~\000\000\000\000\000\000\000\000\000|\306\306\376\300\306|\000\000\000\000\000\000\034600\3740000x\000\000\000\000\000\000\000\000\000v\316\306\306\316v\006\306|\000\000\000\000\340``|fffff\346\000\000\000\000\000\000\030\030\0008\030\030\030\030\030<\000\000\000\000\000\000\f\f\000\034\f\f\f\f\f\314\314x\000\000\000\000\340``fflxlf\346\000\000\000\000\000\000\030\030\030\030\030\030\030\030\030\034\000\000\000\000\000\000\000\000\000l\376\326\326\306\306\306\000\000\000\000\000\000\000\000\000\334ffffff\000\000\000\000\000\000\000\000\000|\306\306\306\306\306|\000\000\000\000\000\000\000\000\000\334ffff|``\360\000\000\000\000\000\000\000v\314\314\314\314|\f\f\036\000\000\000\000\000\000\000\334f````\360\000\000\000\000\000\000\000\000\000|\306\300|\006\306|\000\000\000\000\000\000000\37400006\034\000\000\000\000\000\000\000\000\000\314\314\314\314\314\314v\000\000\000\000\000\000\000\000\000\306\306\306\306l8\020\000\000\000\000\000\000\000\000\000\306\306\326\326\326\376l\000\000\000\000\000\000\000\000\000\306\306l8l\306\306\000\000\000\000\000\000\000\000\000\306\306\306\306\316v\006\306|\000\000\000\000\000\000\000\376\206\f\0300b\376\000\000\000\000\000\000\016\030\030\030p\030\030\030\030\016\000\000\000\000\000\000\030\030\030\030\000\030\030\030\030\030\000\000\000\000\000\000p\030\030\030\016\030\030\030\030p\000\000\000\000\000\000v\334\000\000\000\000\000\000\000\000\000\000\000\000\000\300\240\240\240\3008 0 8\b\b\b\016\000\377\377\377\377\377\377\377\377\377\377\377\377\377\377\377\377\252U\252U\252U\252U\252U\252U\252U\252U\377\377\377\377\377\001\001\001\001\001\001\377\377\377\377\377\377\377\377\377\377\377\377\377\000\000\000\000\000\000\000\000\000\000\000\000\000\000\000\000\377\377\377\377\377\377\377\377\377\377\377\377\357\357\307\307\203\203\001\001\377\377\377\377\377\377\377\377\001\001\203\203\307\307\357\357\377\377\377\377\377\377\377\373\363\343\303\203\303\343\363\373\377\377\377\377\377\377\377\277\237\217\207\203\207\217\237\277\377\377\377\377\377\377\377\377\001\377\377\001\377\377\001\377\377\377\377\377\347\347\347\347\347\347\347\007\377\377\377\377\377\377\377\377\377\377\377\377\377\377\377\007\347\347\347\347\347\347\347\347\377\377\377\377\377\377\377\340\347\347\347\347\347\347\347\347\347\347\347\347\347\347\347\340\377\377\377\377\377\377\377\377\347\347\347\347\347\347\347\000\347\347\347\347\347\347\347\347\377\347\303\201\347\347\347\347\347\347\347\347\347\377\377\377\377\347\347\347\347\347\347\347\347\347\201\303\347\377\377\377\377\377\377\377\377\377\377\000\377\377\377\377\377\377\377\377\377\347\303\201\347\347\347\347\347\347\201\303\347\377\377\377\377\377\377\377\377\377\347\347\347\377\377\377\377\377\377\377\347\347\347\347\347\347\347\340\347\347\347\347\347\347\347\347\347\347\347\347\347\347\347\007\347\347\347\347\347\347\347\347\347\347\347\347\347\347\347\000\377\377\377\377\377\377\377\377\377\377\377\377\377\377\377\000\347\347\347\347\347\347\347\347\347\347\347\347\347\347\347\347\347\347\347\347\347\347\347\347\377\377\377\377\377\377\377\377\377\377\377\377\377\377\377\377\377\377\377\377\377\377\377\377\377\377\377\377\377\377\377\377\377\377\377\377\377\377\377\377\377\377\377\377\377\377\377\377\377\377\377\377\377\377\377\377\377\377\377\377\377\377\377\377\377\377\377\377\377\377\377\377\377\377\377\377\377\377\377\377\377\377\377\377\377\377\377\377\377\377\377\377\377\377\377\377\377\377\377\377\377\377\377\377\377\377\377\377\377\377\377\377\377\377\377\377\377\377\377\377\377\377\377\377\377\377\377\377\377\377\347\303\303\303\303\347\347\377\347\347\377\377\377\377\377\311\311\311\311\353\377\377\377\377\377\377\377\377\377\377\377\377\223\223\223\001\223\223\001\223\223\223\377\377\377\377\377\377\347\347\2039?\207\303\3719\203\347\347\377\377\377\377\377\377\377\235\231\363\347\317\2319\377\377\377\377\377\377\307\223\307\317\211\201333\211\377\377\377\377\377\363\363\363\347\377\377\377\377\377\377\377\377\377\377\377\377\377\363\347\317\317\317\317\317\317\347\363\377\377\377\377\377\377\317\347\363\363\363\363\363\363\347\317\377\377\377\377\377\377\377\377\377\223\307\001\307\223\377\377\377\377\377\377\377\377\377\377\377\347\347\201\347\347\377\377\377\377\377\377\377\377\377\377\377\377\377\377\377\363\363\363\347\377\377\377\377\377\377\377\377\377\377\001\377\377\377\377\377\377\377\377\377\377\377\377\377\377\377\377\377\377\347\347\377\377\377\377\377\377\377\377\375\371\363\347\317\237?\177\377\377\377\377\377\377\203991!\t\03199\203\377\377\377\377\377\377\347\207\347\347\347\347\347\347\347\201\377\377\377\377\377\377\20399\371\363\347\317\2379\001\377\377\377\377\377\377\2039\371\371\303\371\371\3719\203\377\377\377\377\377\377\363\343\303\22333\001\363\363\341\377\377\377\377\377\377\001???\003\371\371\3719\203\377\377\377\377\377\377\2039??\0039999\203\377\377\377\377\377\377\0019\371\363\347\317\317\317\317\317\377\377\377\377\377\377\203999\2039999\203\377\377\377\377\377\377\2039999\201\371\3719\203\377\377\377\377\377\377\377\377\377\363\363\377\377\363\363\377\377\377\377\377\377\377\377\377\377\363\363\377\377\363\363\363\347\377\377\377\377\377\377\363\347\317\237?\237\317\347\363\377\377\377\377\377\377\377\377\377\377\001\377\001\377\377\377\377\377\377\377\377\377\377\237\317\347\363\371\363\347\317\237\377\377\377\377\377\377\20399\363\347\347\347\377\347\347\377\377\377\377\377\377\203999!!!#?\201\377\377\377\377\377\377\307\223999\0019999\377\377\377\377\377\377\003\231\231\231\203\231\231\231\231\003\377\377\377\377\377\377\303\231=????=\231\303\377\377\377\377\377\377\007\223\231\231\231\231\231\231\223\007\377\377\377\377\377\377\001\231\237\233\203\233\237\237\231\001\377\377\377\377\377\377\001\231\237\233\203\233\237\237\237\017\377\377\377\377\377\377\20399???199\203\377\377\377\377\377\3779999\00199999\377\377\377\377\377\377\303\347\347\347\347\347\347\347\347\303\377\377\377\377\377\377\303\347\347\347\347\347\347''\217\377\377\377\377\377\377993'\017\017'399\377\377\377\377\377\377\017\237\237\237\237\237\237\235\231\001\377\377\377\377\377\37799\021\021\001)))99\377\377\377\377\377\37799\031\031\t!1199\377\377\377\377\377\377\20399999999\203\377\377\377\377\377\377\003\231\231\231\231\203\237\237\237\017\377\377\377\377\377\377\203999999))\203\371\377\377\377\377\377\003\231\231\231\203\207\223\231\231\031\377\377\377\377\377\377\2039??\217\343\371\3719\203\377\377\377\377\377\377\201\245\347\347\347\347\347\347\347\303\377\377\377\377\377\377999999999\203\377\377\377\377\377\3779999999\223\307\357\377\377\377\377\377\377999)))\001\02199\377\377\377\377\377\377999\223\307\307\223999\377\377\377\377\377\377\231\231\231\231\231\303\347\347\347\303\377\377\377\377\377\377\0019y\363\347\317\237=9\001\377\377\377\377\377\377\203\237\237\237\237\237\237\237\237\203\377\377\377\377\377\377\377\377\177?\237\317\347\363\371\375\377\377\377\377\377\377\203\363\363\363\363\363\363\363\363\203\377\377\377\377\377\357\307\2239\377\377\377\377\377\377\377\377\377\377\377\377\377\377\377\377\377\377\377\377\377\377\377\377\000\377\377\377\347\347\347\363\377\377\377\377\377\377\377\377\377\377\377\377\377\377\377\377\207\363\20333#\211\377\377\377\377\377\377\037\237\237\203\231\231\231\231\231\003\377\377\377\377\377\377\377\377\377\2039???9\203\377\377\377\377\377\377\343\363\363\20333333\201\377\377\377\377\377\377\377\377\377\20399\001?9\203\377\377\377\377\377\377\343\311\317\317\003\317\317\317\317\207\377\377\377\377\377\377\377\377\377\2111991\211\3719\203\377\377\377\377\037\237\237\203\231\231\231\231\231\031\377\377\377\377\377\377\347\347\377\307\347\347\347\347\347\303\377\377\377\377\377\377\363\363\377\343\363\363\363\363\36333\207\377\377\377\377\037\237\237\231\231\223\207\223\231\031\377\377\377\377\377\377\347\347\347\347\347\347\347\347\347\343\377\377\377\377\377\377\377\377\377\223\001))999\377\377\377\377\377\377\377\377\377#\231\231\231\231\231\231\377\377\377\377\377\377\377\377\377\20399999\203\377\377\377\377\377\377\377\377\377#\231\231\231\231\203\237\237\017\377\377\377\377\377\377\377\2113333\203\363\363\341\377\377\377\377\377\377\377#\231\237\237\237\237\017\377\377\377\377\377\377\377\377\377\2039?\203\3719\203\377\377\377\377\377\377\317\317\317\003\317\317\317\317\311\343\377\377\377\377\377\377\377\377\377333333\211\377\377\377\377\377\377\377\377\3779999\223\307\357\377\377\377\377\377\377\377\377\37799)))\001\223\377\377\377\377\377\377\377\377\37799\223\307\22399\377\377\377\377\377\377\377\377\37799991\211\3719\203\377\377\377\377\377\377\377\001y\363\347\317\235\001\377\377\377\377\377\377\361\347\347\347\217\347\347\347\347\361\377\377\377\377\377\377\347\347\347\347\377\347\347\347\347\347\377\377\377\377\377\377\217\347\347\347\361\347\347\347\347\217\377\377\377\377\377\377\211#\377\377\377\377\377\377\377\377\377\377\377\377\377?___?\307\337\317\337\307\367\367\367\361\377"
	.size	FONT_TABLE, 4096

	.section	.debug_abbrev,"",%progbits
	.byte	1                               @ Abbreviation Code
	.byte	17                              @ DW_TAG_compile_unit
	.byte	1                               @ DW_CHILDREN_yes
	.byte	37                              @ DW_AT_producer
	.byte	14                              @ DW_FORM_strp
	.byte	19                              @ DW_AT_language
	.byte	5                               @ DW_FORM_data2
	.byte	3                               @ DW_AT_name
	.byte	14                              @ DW_FORM_strp
	.byte	16                              @ DW_AT_stmt_list
	.byte	23                              @ DW_FORM_sec_offset
	.byte	27                              @ DW_AT_comp_dir
	.byte	14                              @ DW_FORM_strp
	.byte	0                               @ EOM(1)
	.byte	0                               @ EOM(2)
	.byte	2                               @ Abbreviation Code
	.byte	52                              @ DW_TAG_variable
	.byte	0                               @ DW_CHILDREN_no
	.byte	3                               @ DW_AT_name
	.byte	14                              @ DW_FORM_strp
	.byte	73                              @ DW_AT_type
	.byte	19                              @ DW_FORM_ref4
	.byte	63                              @ DW_AT_external
	.byte	25                              @ DW_FORM_flag_present
	.byte	58                              @ DW_AT_decl_file
	.byte	11                              @ DW_FORM_data1
	.byte	59                              @ DW_AT_decl_line
	.byte	11                              @ DW_FORM_data1
	.byte	2                               @ DW_AT_location
	.byte	24                              @ DW_FORM_exprloc
	.byte	0                               @ EOM(1)
	.byte	0                               @ EOM(2)
	.byte	3                               @ Abbreviation Code
	.byte	1                               @ DW_TAG_array_type
	.byte	1                               @ DW_CHILDREN_yes
	.byte	73                              @ DW_AT_type
	.byte	19                              @ DW_FORM_ref4
	.byte	0                               @ EOM(1)
	.byte	0                               @ EOM(2)
	.byte	4                               @ Abbreviation Code
	.byte	33                              @ DW_TAG_subrange_type
	.byte	0                               @ DW_CHILDREN_no
	.byte	73                              @ DW_AT_type
	.byte	19                              @ DW_FORM_ref4
	.byte	55                              @ DW_AT_count
	.byte	5                               @ DW_FORM_data2
	.byte	0                               @ EOM(1)
	.byte	0                               @ EOM(2)
	.byte	5                               @ Abbreviation Code
	.byte	38                              @ DW_TAG_const_type
	.byte	0                               @ DW_CHILDREN_no
	.byte	73                              @ DW_AT_type
	.byte	19                              @ DW_FORM_ref4
	.byte	0                               @ EOM(1)
	.byte	0                               @ EOM(2)
	.byte	6                               @ Abbreviation Code
	.byte	22                              @ DW_TAG_typedef
	.byte	0                               @ DW_CHILDREN_no
	.byte	73                              @ DW_AT_type
	.byte	19                              @ DW_FORM_ref4
	.byte	3                               @ DW_AT_name
	.byte	14                              @ DW_FORM_strp
	.byte	58                              @ DW_AT_decl_file
	.byte	11                              @ DW_FORM_data1
	.byte	59                              @ DW_AT_decl_line
	.byte	11                              @ DW_FORM_data1
	.byte	0                               @ EOM(1)
	.byte	0                               @ EOM(2)
	.byte	7                               @ Abbreviation Code
	.byte	36                              @ DW_TAG_base_type
	.byte	0                               @ DW_CHILDREN_no
	.byte	3                               @ DW_AT_name
	.byte	14                              @ DW_FORM_strp
	.byte	62                              @ DW_AT_encoding
	.byte	11                              @ DW_FORM_data1
	.byte	11                              @ DW_AT_byte_size
	.byte	11                              @ DW_FORM_data1
	.byte	0                               @ EOM(1)
	.byte	0                               @ EOM(2)
	.byte	8                               @ Abbreviation Code
	.byte	36                              @ DW_TAG_base_type
	.byte	0                               @ DW_CHILDREN_no
	.byte	3                               @ DW_AT_name
	.byte	14                              @ DW_FORM_strp
	.byte	11                              @ DW_AT_byte_size
	.byte	11                              @ DW_FORM_data1
	.byte	62                              @ DW_AT_encoding
	.byte	11                              @ DW_FORM_data1
	.byte	0                               @ EOM(1)
	.byte	0                               @ EOM(2)
	.byte	0                               @ EOM(3)
	.section	.debug_info,"",%progbits
.Lcu_begin0:
	.long	.Ldebug_info_end0-.Ldebug_info_start0 @ Length of Unit
.Ldebug_info_start0:
	.short	4                               @ DWARF version number
	.long	.debug_abbrev                   @ Offset Into Abbrev. Section
	.byte	4                               @ Address Size (in bytes)
	.byte	1                               @ Abbrev [1] 0xb:0x50 DW_TAG_compile_unit
	.long	.Linfo_string0                  @ DW_AT_producer
	.short	12                              @ DW_AT_language
	.long	.Linfo_string1                  @ DW_AT_name
	.long	.Lline_table_start0             @ DW_AT_stmt_list
	.long	.Linfo_string2                  @ DW_AT_comp_dir
	.byte	2                               @ Abbrev [2] 0x1e:0x11 DW_TAG_variable
	.long	.Linfo_string3                  @ DW_AT_name
	.long	47                              @ DW_AT_type
                                        @ DW_AT_external
	.byte	2                               @ DW_AT_decl_file
	.byte	29                              @ DW_AT_decl_line
	.byte	5                               @ DW_AT_location
	.byte	3
	.long	FONT_TABLE
	.byte	3                               @ Abbrev [3] 0x2f:0xd DW_TAG_array_type
	.long	60                              @ DW_AT_type
	.byte	4                               @ Abbrev [4] 0x34:0x7 DW_TAG_subrange_type
	.long	83                              @ DW_AT_type
	.short	4096                            @ DW_AT_count
	.byte	0                               @ End Of Children Mark
	.byte	5                               @ Abbrev [5] 0x3c:0x5 DW_TAG_const_type
	.long	65                              @ DW_AT_type
	.byte	6                               @ Abbrev [6] 0x41:0xb DW_TAG_typedef
	.long	76                              @ DW_AT_type
	.long	.Linfo_string5                  @ DW_AT_name
	.byte	1                               @ DW_AT_decl_file
	.byte	62                              @ DW_AT_decl_line
	.byte	7                               @ Abbrev [7] 0x4c:0x7 DW_TAG_base_type
	.long	.Linfo_string4                  @ DW_AT_name
	.byte	8                               @ DW_AT_encoding
	.byte	1                               @ DW_AT_byte_size
	.byte	8                               @ Abbrev [8] 0x53:0x7 DW_TAG_base_type
	.long	.Linfo_string6                  @ DW_AT_name
	.byte	8                               @ DW_AT_byte_size
	.byte	7                               @ DW_AT_encoding
	.byte	0                               @ End Of Children Mark
.Ldebug_info_end0:
	.section	.debug_str,"MS",%progbits,1
.Linfo_string0:
	.asciz	"Component: Arm Compiler for Embedded 6.21 Tool: armclang [5ec1fd00]" @ string offset=0
.Linfo_string1:
	.asciz	"vgafont.c"                     @ string offset=68
.Linfo_string2:
	.asciz	"C:\\Users\\ralf\\Documents\\Projekte\\uTerm\\STM32F030F4\\Firmware\\ChibiTerm" @ string offset=78
.Linfo_string3:
	.asciz	"FONT_TABLE"                    @ string offset=148
.Linfo_string4:
	.asciz	"unsigned char"                 @ string offset=159
.Linfo_string5:
	.asciz	"uint8_t"                       @ string offset=173
.Linfo_string6:
	.asciz	"__ARRAY_SIZE_TYPE__"           @ string offset=181
	.ident	"Component: Arm Compiler for Embedded 6.21 Tool: armclang [5ec1fd00]"
	.section	".note.GNU-stack","",%progbits
	.ARM_attribute	16, 1	@ Tag_AV_eba
	.section	.debug_line,"",%progbits
.Lline_table_start0:
